Log file open, 11/10/20 02:38:32
LogInit: Display: Running engine for game: project22D
LogPlatformFile: Not using cached read wrapper
LogTaskGraph: Started task graph with 5 named threads and 11 total threads with 3 sets of task threads.
LogStats: Stats thread started at 0.755893
LogD3D11RHI: Loaded GFSDK_Aftermath_Lib.x64.dll
LogICUInternationalization: ICU TimeZone Detection - Raw Offset: -5:00, Platform Override: ''
LogPluginManager: Mounting plugin Paper2D
LogPluginManager: Mounting plugin AISupport
LogPluginManager: Mounting plugin LightPropagationVolume
LogPluginManager: Mounting plugin CameraShakePreviewer
LogPluginManager: Mounting plugin ActorLayerUtilities
LogPluginManager: Mounting plugin AnimationSharing
LogPluginManager: Mounting plugin CLionSourceCodeAccess
LogPluginManager: Mounting plugin CodeLiteSourceCodeAccess
LogPluginManager: Mounting plugin GitSourceControl
LogPluginManager: Mounting plugin KDevelopSourceCodeAccess
LogPluginManager: Mounting plugin NullSourceCodeAccess
LogPluginManager: Mounting plugin PerforceSourceControl
LogPluginManager: Mounting plugin PlasticSourceControl
LogPluginManager: Mounting plugin RiderSourceCodeAccess
LogPluginManager: Mounting plugin SubversionSourceControl
LogPluginManager: Mounting plugin UObjectPlugin
LogPluginManager: Mounting plugin VisualStudioCodeSourceCodeAccess
LogPluginManager: Mounting plugin VisualStudioSourceCodeAccess
LogPluginManager: Mounting plugin XCodeSourceCodeAccess
LogPluginManager: Mounting plugin AssetManagerEditor
LogPluginManager: Mounting plugin CryptoKeys
LogPluginManager: Mounting plugin CurveEditorTools
LogPluginManager: Mounting plugin DataValidation
LogPluginManager: Mounting plugin EditorScriptingUtilities
LogPluginManager: Mounting plugin FacialAnimation
LogPluginManager: Mounting plugin GameplayTagsEditor
LogPluginManager: Mounting plugin GeometryMode
LogPluginManager: Mounting plugin MacGraphicsSwitching
LogPluginManager: Mounting plugin MaterialAnalyzer
LogPluginManager: Mounting plugin MobileLauncherProfileWizard
LogPluginManager: Mounting plugin PluginBrowser
LogPluginManager: Mounting plugin SpeedTreeImporter
LogPluginManager: Mounting plugin DatasmithContent
LogPluginManager: Mounting plugin VariantManagerContent
LogPluginManager: Mounting plugin AlembicImporter
LogPluginManager: Mounting plugin AutomationUtils
LogPluginManager: Mounting plugin BackChannel
LogPluginManager: Mounting plugin ChaosCloth
LogPluginManager: Mounting plugin ChaosClothEditor
LogPluginManager: Mounting plugin ChaosEditor
LogPluginManager: Mounting plugin ChaosNiagara
LogPluginManager: Mounting plugin ChaosSolverPlugin
LogPluginManager: Mounting plugin CharacterAI
LogPluginManager: Mounting plugin GeometryCache
LogPluginManager: Mounting plugin GeometryCollectionPlugin
LogPluginManager: Mounting plugin GeometryProcessing
LogPluginManager: Mounting plugin PlanarCut
LogPluginManager: Mounting plugin PlatformCrypto
LogPluginManager: Mounting plugin ProxyLODPlugin
LogPluginManager: Mounting plugin SkeletalReduction
LogPluginManager: Mounting plugin Niagara
LogPluginManager: Mounting plugin MagicLeap
LogPluginManager: Mounting plugin MagicLeapLightEstimation
LogPluginManager: Mounting plugin MagicLeapMedia
LogPluginManager: Mounting plugin MagicLeapPassableWorld
LogPluginManager: Mounting plugin MLSDK
LogPluginManager: Mounting plugin AndroidMedia
LogPluginManager: Mounting plugin AvfMedia
LogPluginManager: Mounting plugin ImgMedia
LogPluginManager: Mounting plugin MediaCompositing
LogPluginManager: Mounting plugin MediaPlayerEditor
LogPluginManager: Mounting plugin WebMMedia
LogPluginManager: Mounting plugin WmfMedia
LogPluginManager: Mounting plugin MeshPainting
LogPluginManager: Mounting plugin TcpMessaging
LogPluginManager: Mounting plugin UdpMessaging
LogPluginManager: Mounting plugin ActorSequence
LogPluginManager: Mounting plugin LevelSequenceEditor
LogPluginManager: Mounting plugin MatineeToLevelSequence
LogPluginManager: Mounting plugin MovieRenderPipeline
LogPluginManager: Mounting plugin TemplateSequence
LogPluginManager: Mounting plugin NetcodeUnitTest
LogPluginManager: Mounting plugin NUTUnrealEngine4
LogPluginManager: Mounting plugin OnlineSubsystemGooglePlay
LogPluginManager: Mounting plugin OnlineSubsystemIOS
LogPluginManager: Mounting plugin OnlineSubsystem
LogPluginManager: Mounting plugin OnlineSubsystemNull
LogPluginManager: Mounting plugin OnlineSubsystemUtils
LogPluginManager: Mounting plugin LauncherChunkInstaller
LogPluginManager: Mounting plugin AndroidDeviceProfileSelector
LogPluginManager: Mounting plugin AndroidMoviePlayer
LogPluginManager: Mounting plugin AndroidPermission
LogPluginManager: Mounting plugin AppleImageUtils
LogPluginManager: Mounting plugin AppleMoviePlayer
LogPluginManager: Mounting plugin ArchVisCharacter
LogPluginManager: Mounting plugin AssetTags
LogPluginManager: Mounting plugin AudioCapture
LogPluginManager: Mounting plugin CableComponent
LogPluginManager: Mounting plugin CustomMeshComponent
LogPluginManager: Mounting plugin EditableMesh
LogPluginManager: Mounting plugin ExampleDeviceProfileSelector
LogPluginManager: Mounting plugin GoogleCloudMessaging
LogPluginManager: Mounting plugin GooglePAD
LogPluginManager: Mounting plugin IOSDeviceProfileSelector
LogPluginManager: Mounting plugin LinuxDeviceProfileSelector
LogPluginManager: Mounting plugin LocationServicesBPLibrary
LogPluginManager: Mounting plugin MobilePatchingUtils
LogPluginManager: Mounting plugin OculusVR
LogPluginManager: Mounting plugin PhysXVehicles
LogPluginManager: Mounting plugin PostSplashScreen
LogPluginManager: Mounting plugin ProceduralMeshComponent
LogPluginManager: Mounting plugin RuntimePhysXCooking
LogPluginManager: Mounting plugin SignificanceManager
LogPluginManager: Mounting plugin SoundFields
LogPluginManager: Mounting plugin SteamVR
LogPluginManager: Mounting plugin Synthesis
LogPluginManager: Mounting plugin WebMMoviePlayer
LogPluginManager: Mounting plugin WindowsMoviePlayer
LogPluginManager: Mounting plugin ScreenshotTools
LogInit: Using libcurl 7.55.1-DEV
LogInit:  - built for x86_64-pc-win32
LogInit:  - supports SSL with OpenSSL/1.1.1
LogInit:  - supports HTTP deflate (compression) using libz 1.2.8
LogInit:  - other features:
LogInit:      CURL_VERSION_SSL
LogInit:      CURL_VERSION_LIBZ
LogInit:      CURL_VERSION_IPV6
LogInit:      CURL_VERSION_ASYNCHDNS
LogInit:      CURL_VERSION_LARGEFILE
LogInit:      CURL_VERSION_IDN
LogInit:  CurlRequestOptions (configurable via config and command line):
LogInit:  - bVerifyPeer = true  - Libcurl will verify peer certificate
LogInit:  - bUseHttpProxy = false  - Libcurl will NOT use HTTP proxy
LogInit:  - bDontReuseConnections = false  - Libcurl will reuse connections
LogInit:  - MaxHostConnections = 16  - Libcurl will limit the number of connections to a host
LogInit:  - LocalHostAddr = Default
LogInit:  - BufferSize = 65536
LogOnline: OSS: Creating online subsystem instance for: NULL
LogInit: WinSock: version 1.1 (2.2), MaxSocks=32767, MaxUdp=65467
LogOnline: OSS: TryLoadSubsystemAndSetDefault: Loaded subsystem for module [NULL]
LogInit: Build: ++UE4+Release-4.25-CL-13942748
LogInit: Engine Version: 4.25.3-13942748+++UE4+Release-4.25
LogInit: Compatible Engine Version: 4.25.0-13144385+++UE4+Release-4.25
LogInit: Net CL: 13144385
LogInit: OS: Windows 10 (Release 1809) (), CPU: Intel(R) Celeron(R) N4000 CPU @ 1.10GHz, GPU: Intel(R) UHD Graphics 600
LogInit: Compiled (64-bit): Jul 25 2020 02:07:48
LogInit: Compiled with Visual C++: 19.24.28315.00
LogInit: Build Configuration: Development
LogInit: Branch Name: ++UE4+Release-4.25
LogInit: Command Line: 
LogInit: Base Directory: D:/SanDiskSecureAccess Vault/UE_4.25/Engine/Binaries/Win64/
LogInit: Allocator: TBB
LogInit: Installed Engine Build: 1
LogDevObjectVersion: Number of dev versions registered: 26
LogDevObjectVersion:   Dev-Blueprints (B0D832E4-1F89-4F0D-ACCF-7EB736FD4AA2): 10
LogDevObjectVersion:   Dev-Build (E1C64328-A22C-4D53-A36C-8E866417BD8C): 0
LogDevObjectVersion:   Dev-Core (375EC13C-06E4-48FB-B500-84F0262A717E): 4
LogDevObjectVersion:   Dev-Editor (E4B068ED-F494-42E9-A231-DA0B2E46BB41): 38
LogDevObjectVersion:   Dev-Framework (CFFC743F-43B0-4480-9391-14DF171D2073): 37
LogDevObjectVersion:   Dev-Mobile (B02B49B5-BB20-44E9-A304-32B752E40360): 2
LogDevObjectVersion:   Dev-Networking (A4E4105C-59A1-49B5-A7C5-40C4547EDFEE): 0
LogDevObjectVersion:   Dev-Online (39C831C9-5AE6-47DC-9A44-9C173E1C8E7C): 0
LogDevObjectVersion:   Dev-Physics (78F01B33-EBEA-4F98-B9B4-84EACCB95AA2): 4
LogDevObjectVersion:   Dev-Platform (6631380F-2D4D-43E0-8009-CF276956A95A): 0
LogDevObjectVersion:   Dev-Rendering (12F88B9F-8875-4AFC-A67C-D90C383ABD29): 43
LogDevObjectVersion:   Dev-Sequencer (7B5AE74C-D270-4C10-A958-57980B212A5A): 12
LogDevObjectVersion:   Dev-VR (D7296918-1DD6-4BDD-9DE2-64A83CC13884): 3
LogDevObjectVersion:   Dev-LoadTimes (C2A15278-BFE7-4AFE-6C17-90FF531DF755): 1
LogDevObjectVersion:   Private-Geometry (6EACA3D4-40EC-4CC1-B786-8BED09428FC5): 3
LogDevObjectVersion:   Dev-AnimPhys (29E575DD-E0A3-4627-9D10-D276232CDCEA): 17
LogDevObjectVersion:   Dev-Anim (AF43A65D-7FD3-4947-9873-3E8ED9C1BB05): 7
LogDevObjectVersion:   Dev-ReflectionCapture (6B266CEC-1EC7-4B8F-A30B-E4D90942FC07): 1
LogDevObjectVersion:   Dev-Automation (0DF73D61-A23F-47EA-B727-89E90C41499A): 1
LogDevObjectVersion:   FortniteMain (601D1886-AC64-4F84-AA16-D3DE0DEAC7D6): 31
LogDevObjectVersion:   Dev-Enterprise (9DFFBCD6-494F-0158-E221-12823C92A888): 10
LogDevObjectVersion:   Dev-Niagara (F2AED0AC-9AFE-416F-8664-AA7FFA26D6FC): 1
LogDevObjectVersion:   Dev-Destruction (174F1F0B-B4C6-45A5-B13F-2EE8D0FB917D): 10
LogDevObjectVersion:   Dev-Physics-Ext (35F94A83-E258-406C-A318-09F59610247C): 37
LogDevObjectVersion:   Dev-PhysicsMaterial-Chaos (B68FC16E-8B1B-42E2-B453-215C058844FE): 1
LogDevObjectVersion:   Dev-CineCamera (B2E18506-4273-CFC2-A54E-F4BB758BBA07): 1
LogInit: Presizing for max 25165824 objects, including 0 objects not considered by GC, pre-allocating 0 bytes for permanent pool.
LogConfig: Applying CVar settings from Section [/Script/Engine.StreamingSettings] File [D:/project22D/Saved/Config/Windows/Engine.ini]
LogConfig: Setting CVar [[s.MinBulkDataSizeForAsyncLoading:131072]]
LogConfig: Setting CVar [[s.AsyncLoadingThreadEnabled:0]]
LogConfig: Setting CVar [[s.EventDrivenLoaderEnabled:1]]
LogConfig: Setting CVar [[s.WarnIfTimeLimitExceeded:0]]
LogConfig: Setting CVar [[s.TimeLimitExceededMultiplier:1.5]]
LogConfig: Setting CVar [[s.TimeLimitExceededMinTime:0.005]]
LogConfig: Setting CVar [[s.UseBackgroundLevelStreaming:1]]
LogConfig: Setting CVar [[s.PriorityAsyncLoadingExtraTime:15.0]]
LogConfig: Setting CVar [[s.LevelStreamingActorsUpdateTimeLimit:5.0]]
LogConfig: Setting CVar [[s.PriorityLevelStreamingActorsUpdateExtraTime:5.0]]
LogConfig: Setting CVar [[s.LevelStreamingComponentsRegistrationGranularity:10]]
LogConfig: Setting CVar [[s.UnregisterComponentsTimeLimit:1.0]]
LogConfig: Setting CVar [[s.LevelStreamingComponentsUnregistrationGranularity:5]]
LogConfig: Setting CVar [[s.FlushStreamingOnExit:1]]
LogInit: Object subsystem initialized
LogConfig: Setting CVar [[con.DebugEarlyDefault:1]]
LogConfig: Setting CVar [[r.setres:1280x720]]
[2020.11.10-07.38.34:990][  0]LogConfig: Setting CVar [[r.VSync:0]]
[2020.11.10-07.38.34:990][  0]LogConfig: Setting CVar [[r.RHICmdBypass:0]]
[2020.11.10-07.38.34:990][  0]LogConfig: Applying CVar settings from Section [/Script/Engine.RendererSettings] File [D:/project22D/Saved/Config/Windows/Engine.ini]
[2020.11.10-07.38.34:990][  0]LogConfig: Setting CVar [[r.GPUCrashDebugging:0]]
[2020.11.10-07.38.34:990][  0]LogConfig: Setting CVar [[r.MobileHDR:0]]
[2020.11.10-07.38.34:990][  0]LogConfig: Applying CVar settings from Section [/Script/Engine.RendererOverrideSettings] File [D:/project22D/Saved/Config/Windows/Engine.ini]
[2020.11.10-07.38.34:990][  0]LogConfig: Applying CVar settings from Section [/Script/Engine.StreamingSettings] File [D:/project22D/Saved/Config/Windows/Engine.ini]
[2020.11.10-07.38.34:991][  0]LogConfig: Setting CVar [[s.MinBulkDataSizeForAsyncLoading:131072]]
[2020.11.10-07.38.34:991][  0]LogConfig: Setting CVar [[s.AsyncLoadingThreadEnabled:0]]
[2020.11.10-07.38.34:991][  0]LogConfig: Setting CVar [[s.EventDrivenLoaderEnabled:1]]
[2020.11.10-07.38.34:991][  0]LogConfig: Setting CVar [[s.WarnIfTimeLimitExceeded:0]]
[2020.11.10-07.38.34:991][  0]LogConfig: Setting CVar [[s.TimeLimitExceededMultiplier:1.5]]
[2020.11.10-07.38.34:991][  0]LogConfig: Setting CVar [[s.TimeLimitExceededMinTime:0.005]]
[2020.11.10-07.38.34:991][  0]LogConfig: Setting CVar [[s.UseBackgroundLevelStreaming:1]]
[2020.11.10-07.38.34:991][  0]LogConfig: Setting CVar [[s.PriorityAsyncLoadingExtraTime:15.0]]
[2020.11.10-07.38.34:991][  0]LogConfig: Setting CVar [[s.LevelStreamingActorsUpdateTimeLimit:5.0]]
[2020.11.10-07.38.34:991][  0]LogConfig: Setting CVar [[s.PriorityLevelStreamingActorsUpdateExtraTime:5.0]]
[2020.11.10-07.38.34:991][  0]LogConfig: Setting CVar [[s.LevelStreamingComponentsRegistrationGranularity:10]]
[2020.11.10-07.38.34:991][  0]LogConfig: Setting CVar [[s.UnregisterComponentsTimeLimit:1.0]]
[2020.11.10-07.38.34:991][  0]LogConfig: Setting CVar [[s.LevelStreamingComponentsUnregistrationGranularity:5]]
[2020.11.10-07.38.34:991][  0]LogConfig: Setting CVar [[s.FlushStreamingOnExit:1]]
[2020.11.10-07.38.34:991][  0]LogConfig: Applying CVar settings from Section [/Script/Engine.GarbageCollectionSettings] File [D:/project22D/Saved/Config/Windows/Engine.ini]
[2020.11.10-07.38.34:991][  0]LogConfig: Setting CVar [[gc.MaxObjectsNotConsideredByGC:1]]
[2020.11.10-07.38.34:991][  0]LogConfig: Setting CVar [[gc.SizeOfPermanentObjectPool:0]]
[2020.11.10-07.38.34:991][  0]LogConfig: Setting CVar [[gc.FlushStreamingOnGC:0]]
[2020.11.10-07.38.34:991][  0]LogConfig: Setting CVar [[gc.NumRetriesBeforeForcingGC:10]]
[2020.11.10-07.38.34:991][  0]LogConfig: Setting CVar [[gc.AllowParallelGC:1]]
[2020.11.10-07.38.34:991][  0]LogConfig: Setting CVar [[gc.TimeBetweenPurgingPendingKillObjects:61.1]]
[2020.11.10-07.38.34:991][  0]LogConfig: Setting CVar [[gc.MaxObjectsInEditor:25165824]]
[2020.11.10-07.38.34:991][  0]LogConfig: Setting CVar [[gc.IncrementalBeginDestroyEnabled:1]]
[2020.11.10-07.38.34:991][  0]LogConfig: Setting CVar [[gc.CreateGCClusters:1]]
[2020.11.10-07.38.34:991][  0]LogConfig: Setting CVar [[gc.MinGCClusterSize:5]]
[2020.11.10-07.38.34:991][  0]LogConfig: Setting CVar [[gc.ActorClusteringEnabled:0]]
[2020.11.10-07.38.34:991][  0]LogConfig: Setting CVar [[gc.BlueprintClusteringEnabled:0]]
[2020.11.10-07.38.34:991][  0]LogConfig: Setting CVar [[gc.UseDisregardForGCOnDedicatedServers:0]]
[2020.11.10-07.38.34:992][  0]LogConfig: Applying CVar settings from Section [/Script/Engine.NetworkSettings] File [D:/project22D/Saved/Config/Windows/Engine.ini]
[2020.11.10-07.38.34:992][  0]LogConfig: Applying CVar settings from Section [/Script/UnrealEd.CookerSettings] File [D:/project22D/Saved/Config/Windows/Engine.ini]
[2020.11.10-07.38.34:996][  0]LogConfig: Applying CVar settings from Section [ViewDistanceQuality@3] File [D:/project22D/Saved/Config/Windows/Scalability.ini]
[2020.11.10-07.38.34:997][  0]LogConfig: Setting CVar [[r.SkeletalMeshLODBias:0]]
[2020.11.10-07.38.34:997][  0]LogConfig: Setting CVar [[r.ViewDistanceScale:1.0]]
[2020.11.10-07.38.34:997][  0]LogConfig: Applying CVar settings from Section [AntiAliasingQuality@3] File [D:/project22D/Saved/Config/Windows/Scalability.ini]
[2020.11.10-07.38.34:997][  0]LogConfig: Setting CVar [[r.PostProcessAAQuality:4]]
[2020.11.10-07.38.34:997][  0]LogConfig: Applying CVar settings from Section [ShadowQuality@3] File [D:/project22D/Saved/Config/Windows/Scalability.ini]
[2020.11.10-07.38.34:997][  0]LogConfig: Setting CVar [[r.LightFunctionQuality:1]]
[2020.11.10-07.38.34:997][  0]LogConfig: Setting CVar [[r.ShadowQuality:5]]
[2020.11.10-07.38.34:997][  0]LogConfig: Setting CVar [[r.Shadow.CSM.MaxCascades:10]]
[2020.11.10-07.38.34:997][  0]LogConfig: Setting CVar [[r.Shadow.MaxResolution:2048]]
[2020.11.10-07.38.34:997][  0]LogConfig: Setting CVar [[r.Shadow.MaxCSMResolution:2048]]
[2020.11.10-07.38.34:997][  0]LogConfig: Setting CVar [[r.Shadow.RadiusThreshold:0.01]]
[2020.11.10-07.38.34:997][  0]LogConfig: Setting CVar [[r.Shadow.DistanceScale:1.0]]
[2020.11.10-07.38.34:997][  0]LogConfig: Setting CVar [[r.Shadow.CSM.TransitionScale:1.0]]
[2020.11.10-07.38.34:997][  0]LogConfig: Setting CVar [[r.Shadow.PreShadowResolutionFactor:1.0]]
[2020.11.10-07.38.34:997][  0]LogConfig: Setting CVar [[r.DistanceFieldShadowing:1]]
[2020.11.10-07.38.34:997][  0]LogConfig: Setting CVar [[r.DistanceFieldAO:1]]
[2020.11.10-07.38.34:997][  0]LogConfig: Setting CVar [[r.AOQuality:2]]
[2020.11.10-07.38.34:997][  0]LogConfig: Setting CVar [[r.VolumetricFog:1]]
[2020.11.10-07.38.34:997][  0]LogConfig: Setting CVar [[r.VolumetricFog.GridPixelSize:8]]
[2020.11.10-07.38.34:997][  0]LogConfig: Setting CVar [[r.VolumetricFog.GridSizeZ:128]]
[2020.11.10-07.38.34:997][  0]LogConfig: Setting CVar [[r.VolumetricFog.HistoryMissSupersampleCount:4]]
[2020.11.10-07.38.34:998][  0]LogConfig: Setting CVar [[r.LightMaxDrawDistanceScale:1]]
[2020.11.10-07.38.34:998][  0]LogConfig: Setting CVar [[r.CapsuleShadows:1]]
[2020.11.10-07.38.34:998][  0]LogConfig: Applying CVar settings from Section [PostProcessQuality@3] File [D:/project22D/Saved/Config/Windows/Scalability.ini]
[2020.11.10-07.38.34:998][  0]LogConfig: Setting CVar [[r.MotionBlurQuality:4]]
[2020.11.10-07.38.34:998][  0]LogConfig: Setting CVar [[r.AmbientOcclusionMipLevelFactor:0.4]]
[2020.11.10-07.38.34:998][  0]LogConfig: Setting CVar [[r.AmbientOcclusionMaxQuality:100]]
[2020.11.10-07.38.34:998][  0]LogConfig: Setting CVar [[r.AmbientOcclusionLevels:-1]]
[2020.11.10-07.38.34:998][  0]LogConfig: Setting CVar [[r.AmbientOcclusionRadiusScale:1.0]]
[2020.11.10-07.38.34:998][  0]LogConfig: Setting CVar [[r.DepthOfFieldQuality:2]]
[2020.11.10-07.38.34:998][  0]LogConfig: Setting CVar [[r.RenderTargetPoolMin:400]]
[2020.11.10-07.38.34:998][  0]LogConfig: Setting CVar [[r.LensFlareQuality:2]]
[2020.11.10-07.38.34:998][  0]LogConfig: Setting CVar [[r.SceneColorFringeQuality:1]]
[2020.11.10-07.38.34:998][  0]LogConfig: Setting CVar [[r.EyeAdaptationQuality:2]]
[2020.11.10-07.38.34:998][  0]LogConfig: Setting CVar [[r.BloomQuality:5]]
[2020.11.10-07.38.34:998][  0]LogConfig: Setting CVar [[r.FastBlurThreshold:100]]
[2020.11.10-07.38.34:998][  0]LogConfig: Setting CVar [[r.Upscale.Quality:3]]
[2020.11.10-07.38.34:998][  0]LogConfig: Setting CVar [[r.Tonemapper.GrainQuantization:1]]
[2020.11.10-07.38.34:998][  0]LogConfig: Setting CVar [[r.LightShaftQuality:1]]
[2020.11.10-07.38.34:998][  0]LogConfig: Setting CVar [[r.Filter.SizeScale:1]]
[2020.11.10-07.38.34:998][  0]LogConfig: Setting CVar [[r.Tonemapper.Quality:5]]
[2020.11.10-07.38.34:998][  0]LogConfig: Setting CVar [[r.DOF.Gather.AccumulatorQuality:1        ; higher gathering accumulator quality]]
[2020.11.10-07.38.34:998][  0]LogConfig: Setting CVar [[r.DOF.Gather.PostfilterMethod:1          ; Median3x3 postfilering method]]
[2020.11.10-07.38.34:998][  0]LogConfig: Setting CVar [[r.DOF.Gather.EnableBokehSettings:0       ; no bokeh simulation when gathering]]
[2020.11.10-07.38.34:998][  0]LogConfig: Setting CVar [[r.DOF.Gather.RingCount:4                 ; medium number of samples when gathering]]
[2020.11.10-07.38.34:998][  0]LogConfig: Setting CVar [[r.DOF.Scatter.ForegroundCompositing:1    ; additive foreground scattering]]
[2020.11.10-07.38.34:998][  0]LogConfig: Setting CVar [[r.DOF.Scatter.BackgroundCompositing:2    ; additive background scattering]]
[2020.11.10-07.38.34:998][  0]LogConfig: Setting CVar [[r.DOF.Scatter.EnableBokehSettings:1      ; bokeh simulation when scattering]]
[2020.11.10-07.38.34:999][  0]LogConfig: Setting CVar [[r.DOF.Scatter.MaxSpriteRatio:0.1         ; only a maximum of 10% of scattered bokeh]]
[2020.11.10-07.38.34:999][  0]LogConfig: Setting CVar [[r.DOF.Recombine.Quality:1                ; cheap slight out of focus]]
[2020.11.10-07.38.34:999][  0]LogConfig: Setting CVar [[r.DOF.Recombine.EnableBokehSettings:0    ; no bokeh simulation on slight out of focus]]
[2020.11.10-07.38.34:999][  0]LogConfig: Setting CVar [[r.DOF.TemporalAAQuality:1                ; more stable temporal accumulation]]
[2020.11.10-07.38.34:999][  0]LogConfig: Setting CVar [[r.DOF.Kernel.MaxForegroundRadius:0.025]]
[2020.11.10-07.38.34:999][  0]LogConfig: Setting CVar [[r.DOF.Kernel.MaxBackgroundRadius:0.025]]
[2020.11.10-07.38.34:999][  0]LogConfig: Applying CVar settings from Section [TextureQuality@3] File [D:/project22D/Saved/Config/Windows/Scalability.ini]
[2020.11.10-07.38.34:999][  0]LogConfig: Setting CVar [[r.Streaming.MipBias:0]]
[2020.11.10-07.38.34:999][  0]LogConfig: Setting CVar [[r.Streaming.AmortizeCPUToGPUCopy:0]]
[2020.11.10-07.38.34:999][  0]LogConfig: Setting CVar [[r.Streaming.MaxNumTexturesToStreamPerFrame:0]]
[2020.11.10-07.38.34:999][  0]LogConfig: Setting CVar [[r.Streaming.Boost:1]]
[2020.11.10-07.38.34:999][  0]LogConfig: Setting CVar [[r.MaxAnisotropy:8]]
[2020.11.10-07.38.34:999][  0]LogConfig: Setting CVar [[r.VT.MaxAnisotropy:8]]
[2020.11.10-07.38.34:999][  0]LogConfig: Setting CVar [[r.Streaming.LimitPoolSizeToVRAM:0]]
[2020.11.10-07.38.34:999][  0]LogConfig: Setting CVar [[r.Streaming.PoolSize:1000]]
[2020.11.10-07.38.34:999][  0]LogConfig: Setting CVar [[r.Streaming.MaxEffectiveScreenSize:0]]
[2020.11.10-07.38.34:999][  0]LogConfig: Applying CVar settings from Section [EffectsQuality@3] File [D:/project22D/Saved/Config/Windows/Scalability.ini]
[2020.11.10-07.38.34:999][  0]LogConfig: Setting CVar [[r.TranslucencyLightingVolumeDim:64]]
[2020.11.10-07.38.34:999][  0]LogConfig: Setting CVar [[r.RefractionQuality:2]]
[2020.11.10-07.38.34:999][  0]LogConfig: Setting CVar [[r.SSR.Quality:3]]
[2020.11.10-07.38.34:999][  0]LogConfig: Setting CVar [[r.SSR.HalfResSceneColor:0]]
[2020.11.10-07.38.34:999][  0]LogConfig: Setting CVar [[r.SceneColorFormat:4]]
[2020.11.10-07.38.34:999][  0]LogConfig: Setting CVar [[r.DetailMode:2]]
[2020.11.10-07.38.34:999][  0]LogConfig: Setting CVar [[r.TranslucencyVolumeBlur:1]]
[2020.11.10-07.38.34:999][  0]LogConfig: Setting CVar [[r.MaterialQualityLevel:1 ; High quality]]
[2020.11.10-07.38.34:999][  0]LogConfig: Setting CVar [[r.SSS.Scale:1]]
[2020.11.10-07.38.34:999][  0]LogConfig: Setting CVar [[r.SSS.SampleSet:2]]
[2020.11.10-07.38.34:999][  0]LogConfig: Setting CVar [[r.SSS.Quality:1]]
[2020.11.10-07.38.34:999][  0]LogConfig: Setting CVar [[r.SSS.HalfRes:0]]
[2020.11.10-07.38.35:000][  0]LogConfig: Setting CVar [[r.SSGI.Quality:3]]
[2020.11.10-07.38.35:000][  0]LogConfig: Setting CVar [[r.EmitterSpawnRateScale:1.0]]
[2020.11.10-07.38.35:000][  0]LogConfig: Setting CVar [[r.ParticleLightQuality:2]]
[2020.11.10-07.38.35:000][  0]LogConfig: Setting CVar [[r.SkyAtmosphere.AerialPerspectiveLUT.FastApplyOnOpaque:1 ; Always have FastSkyLUT 1 in this case to avoid wrong sky]]
[2020.11.10-07.38.35:000][  0]LogConfig: Setting CVar [[r.SkyAtmosphere.AerialPerspectiveLUT.SampleCountPerSlice:1]]
[2020.11.10-07.38.35:000][  0]LogConfig: Setting CVar [[r.SkyAtmosphere.AerialPerspectiveLUT.DepthResolution:16.0]]
[2020.11.10-07.38.35:000][  0]LogConfig: Setting CVar [[r.SkyAtmosphere.FastSkyLUT:1]]
[2020.11.10-07.38.35:000][  0]LogConfig: Setting CVar [[r.SkyAtmosphere.FastSkyLUT.SampleCountMin:4.0]]
[2020.11.10-07.38.35:000][  0]LogConfig: Setting CVar [[r.SkyAtmosphere.FastSkyLUT.SampleCountMax:32.0]]
[2020.11.10-07.38.35:000][  0]LogConfig: Setting CVar [[r.SkyAtmosphere.SampleCountMin:4.0]]
[2020.11.10-07.38.35:000][  0]LogConfig: Setting CVar [[r.SkyAtmosphere.SampleCountMax:32.0]]
[2020.11.10-07.38.35:000][  0]LogConfig: Setting CVar [[r.SkyAtmosphere.TransmittanceLUT.UseSmallFormat:0]]
[2020.11.10-07.38.35:000][  0]LogConfig: Setting CVar [[r.SkyAtmosphere.TransmittanceLUT.SampleCount:10.0]]
[2020.11.10-07.38.35:000][  0]LogConfig: Setting CVar [[r.SkyAtmosphere.MultiScatteringLUT.SampleCount:15.0]]
[2020.11.10-07.38.35:000][  0]LogConfig: Applying CVar settings from Section [FoliageQuality@3] File [D:/project22D/Saved/Config/Windows/Scalability.ini]
[2020.11.10-07.38.35:000][  0]LogConfig: Setting CVar [[foliage.DensityScale:1.0]]
[2020.11.10-07.38.35:000][  0]LogConfig: Setting CVar [[grass.DensityScale:1.0]]
[2020.11.10-07.38.35:000][  0]LogConfig: Applying CVar settings from Section [ShadingQuality@3] File [D:/project22D/Saved/Config/Windows/Scalability.ini]
[2020.11.10-07.38.35:000][  0]LogConfig: Setting CVar [[r.HairStrands.SkyLighting.SampleCount:16]]
[2020.11.10-07.38.35:000][  0]LogConfig: Setting CVar [[r.HairStrands.SkyLighting.JitterIntegration:0]]
[2020.11.10-07.38.35:000][  0]LogConfig: Setting CVar [[r.HairStrands.SkyAO.SampleCount:16]]
[2020.11.10-07.38.35:000][  0]LogConfig: Setting CVar [[r.HairStrands.DeepShadow.SuperSampling:0]]
[2020.11.10-07.38.35:000][  0]LogConfig: Setting CVar [[r.HairStrands.VisibilityPPLL:0]]
[2020.11.10-07.38.35:000][  0]LogConfig: Setting CVar [[r.HairStrands.RasterizationScale:0.5]]
[2020.11.10-07.38.35:000][  0]LogConfig: Setting CVar [[r.HairStrands.VelocityRasterizationScale:1]]
[2020.11.10-07.38.35:000][  0]LogInit: Selected Device Profile: [Windows]
[2020.11.10-07.38.35:000][  0]LogInit: Applying CVar settings loaded from the selected device profile: [Windows]
[2020.11.10-07.38.35:001][  0]LogHAL: Display: Platform has ~ 4 GB [4109426688 / 4294967296 / 4], which maps to Smallest [LargestMinGB=32, LargerMinGB=12, DefaultMinGB=8, SmallerMinGB=6, SmallestMinGB=0)
[2020.11.10-07.38.35:001][  0]LogInit: Going up to parent DeviceProfile []
[2020.11.10-07.38.35:001][  0]LogConfig: Applying CVar settings from Section [ViewDistanceQuality@3] File [D:/project22D/Saved/Config/Windows/Scalability.ini]
[2020.11.10-07.38.35:001][  0]LogConfig: Setting CVar [[r.SkeletalMeshLODBias:0]]
[2020.11.10-07.38.35:001][  0]LogConfig: Setting CVar [[r.ViewDistanceScale:1.0]]
[2020.11.10-07.38.35:001][  0]LogConfig: Applying CVar settings from Section [AntiAliasingQuality@3] File [D:/project22D/Saved/Config/Windows/Scalability.ini]
[2020.11.10-07.38.35:001][  0]LogConfig: Setting CVar [[r.PostProcessAAQuality:4]]
[2020.11.10-07.38.35:001][  0]LogConfig: Applying CVar settings from Section [ShadowQuality@3] File [D:/project22D/Saved/Config/Windows/Scalability.ini]
[2020.11.10-07.38.35:001][  0]LogConfig: Setting CVar [[r.LightFunctionQuality:1]]
[2020.11.10-07.38.35:001][  0]LogConfig: Setting CVar [[r.ShadowQuality:5]]
[2020.11.10-07.38.35:001][  0]LogConfig: Setting CVar [[r.Shadow.CSM.MaxCascades:10]]
[2020.11.10-07.38.35:001][  0]LogConfig: Setting CVar [[r.Shadow.MaxResolution:2048]]
[2020.11.10-07.38.35:001][  0]LogConfig: Setting CVar [[r.Shadow.MaxCSMResolution:2048]]
[2020.11.10-07.38.35:001][  0]LogConfig: Setting CVar [[r.Shadow.RadiusThreshold:0.01]]
[2020.11.10-07.38.35:001][  0]LogConfig: Setting CVar [[r.Shadow.DistanceScale:1.0]]
[2020.11.10-07.38.35:001][  0]LogConfig: Setting CVar [[r.Shadow.CSM.TransitionScale:1.0]]
[2020.11.10-07.38.35:001][  0]LogConfig: Setting CVar [[r.Shadow.PreShadowResolutionFactor:1.0]]
[2020.11.10-07.38.35:001][  0]LogConfig: Setting CVar [[r.DistanceFieldShadowing:1]]
[2020.11.10-07.38.35:001][  0]LogConfig: Setting CVar [[r.DistanceFieldAO:1]]
[2020.11.10-07.38.35:001][  0]LogConfig: Setting CVar [[r.AOQuality:2]]
[2020.11.10-07.38.35:001][  0]LogConfig: Setting CVar [[r.VolumetricFog:1]]
[2020.11.10-07.38.35:001][  0]LogConfig: Setting CVar [[r.VolumetricFog.GridPixelSize:8]]
[2020.11.10-07.38.35:001][  0]LogConfig: Setting CVar [[r.VolumetricFog.GridSizeZ:128]]
[2020.11.10-07.38.35:001][  0]LogConfig: Setting CVar [[r.VolumetricFog.HistoryMissSupersampleCount:4]]
[2020.11.10-07.38.35:001][  0]LogConfig: Setting CVar [[r.LightMaxDrawDistanceScale:1]]
[2020.11.10-07.38.35:002][  0]LogConfig: Setting CVar [[r.CapsuleShadows:1]]
[2020.11.10-07.38.35:002][  0]LogConfig: Applying CVar settings from Section [PostProcessQuality@3] File [D:/project22D/Saved/Config/Windows/Scalability.ini]
[2020.11.10-07.38.35:002][  0]LogConfig: Setting CVar [[r.MotionBlurQuality:4]]
[2020.11.10-07.38.35:002][  0]LogConfig: Setting CVar [[r.AmbientOcclusionMipLevelFactor:0.4]]
[2020.11.10-07.38.35:002][  0]LogConfig: Setting CVar [[r.AmbientOcclusionMaxQuality:100]]
[2020.11.10-07.38.35:002][  0]LogConfig: Setting CVar [[r.AmbientOcclusionLevels:-1]]
[2020.11.10-07.38.35:002][  0]LogConfig: Setting CVar [[r.AmbientOcclusionRadiusScale:1.0]]
[2020.11.10-07.38.35:002][  0]LogConfig: Setting CVar [[r.DepthOfFieldQuality:2]]
[2020.11.10-07.38.35:002][  0]LogConfig: Setting CVar [[r.RenderTargetPoolMin:400]]
[2020.11.10-07.38.35:002][  0]LogConfig: Setting CVar [[r.LensFlareQuality:2]]
[2020.11.10-07.38.35:002][  0]LogConfig: Setting CVar [[r.SceneColorFringeQuality:1]]
[2020.11.10-07.38.35:002][  0]LogConfig: Setting CVar [[r.EyeAdaptationQuality:2]]
[2020.11.10-07.38.35:002][  0]LogConfig: Setting CVar [[r.BloomQuality:5]]
[2020.11.10-07.38.35:002][  0]LogConfig: Setting CVar [[r.FastBlurThreshold:100]]
[2020.11.10-07.38.35:002][  0]LogConfig: Setting CVar [[r.Upscale.Quality:3]]
[2020.11.10-07.38.35:002][  0]LogConfig: Setting CVar [[r.Tonemapper.GrainQuantization:1]]
[2020.11.10-07.38.35:002][  0]LogConfig: Setting CVar [[r.LightShaftQuality:1]]
[2020.11.10-07.38.35:002][  0]LogConfig: Setting CVar [[r.Filter.SizeScale:1]]
[2020.11.10-07.38.35:002][  0]LogConfig: Setting CVar [[r.Tonemapper.Quality:5]]
[2020.11.10-07.38.35:002][  0]LogConfig: Setting CVar [[r.DOF.Gather.AccumulatorQuality:1        ; higher gathering accumulator quality]]
[2020.11.10-07.38.35:002][  0]LogConfig: Setting CVar [[r.DOF.Gather.PostfilterMethod:1          ; Median3x3 postfilering method]]
[2020.11.10-07.38.35:002][  0]LogConfig: Setting CVar [[r.DOF.Gather.EnableBokehSettings:0       ; no bokeh simulation when gathering]]
[2020.11.10-07.38.35:002][  0]LogConfig: Setting CVar [[r.DOF.Gather.RingCount:4                 ; medium number of samples when gathering]]
[2020.11.10-07.38.35:002][  0]LogConfig: Setting CVar [[r.DOF.Scatter.ForegroundCompositing:1    ; additive foreground scattering]]
[2020.11.10-07.38.35:002][  0]LogConfig: Setting CVar [[r.DOF.Scatter.BackgroundCompositing:2    ; additive background scattering]]
[2020.11.10-07.38.35:002][  0]LogConfig: Setting CVar [[r.DOF.Scatter.EnableBokehSettings:1      ; bokeh simulation when scattering]]
[2020.11.10-07.38.35:002][  0]LogConfig: Setting CVar [[r.DOF.Scatter.MaxSpriteRatio:0.1         ; only a maximum of 10% of scattered bokeh]]
[2020.11.10-07.38.35:002][  0]LogConfig: Setting CVar [[r.DOF.Recombine.Quality:1                ; cheap slight out of focus]]
[2020.11.10-07.38.35:002][  0]LogConfig: Setting CVar [[r.DOF.Recombine.EnableBokehSettings:0    ; no bokeh simulation on slight out of focus]]
[2020.11.10-07.38.35:003][  0]LogConfig: Setting CVar [[r.DOF.TemporalAAQuality:1                ; more stable temporal accumulation]]
[2020.11.10-07.38.35:003][  0]LogConfig: Setting CVar [[r.DOF.Kernel.MaxForegroundRadius:0.025]]
[2020.11.10-07.38.35:003][  0]LogConfig: Setting CVar [[r.DOF.Kernel.MaxBackgroundRadius:0.025]]
[2020.11.10-07.38.35:003][  0]LogConfig: Applying CVar settings from Section [TextureQuality@3] File [D:/project22D/Saved/Config/Windows/Scalability.ini]
[2020.11.10-07.38.35:003][  0]LogConfig: Setting CVar [[r.Streaming.MipBias:0]]
[2020.11.10-07.38.35:003][  0]LogConfig: Setting CVar [[r.Streaming.AmortizeCPUToGPUCopy:0]]
[2020.11.10-07.38.35:003][  0]LogConfig: Setting CVar [[r.Streaming.MaxNumTexturesToStreamPerFrame:0]]
[2020.11.10-07.38.35:003][  0]LogConfig: Setting CVar [[r.Streaming.Boost:1]]
[2020.11.10-07.38.35:003][  0]LogConfig: Setting CVar [[r.MaxAnisotropy:8]]
[2020.11.10-07.38.35:003][  0]LogConfig: Setting CVar [[r.VT.MaxAnisotropy:8]]
[2020.11.10-07.38.35:003][  0]LogConfig: Setting CVar [[r.Streaming.LimitPoolSizeToVRAM:0]]
[2020.11.10-07.38.35:003][  0]LogConfig: Setting CVar [[r.Streaming.PoolSize:1000]]
[2020.11.10-07.38.35:003][  0]LogConfig: Setting CVar [[r.Streaming.MaxEffectiveScreenSize:0]]
[2020.11.10-07.38.35:003][  0]LogConfig: Applying CVar settings from Section [EffectsQuality@3] File [D:/project22D/Saved/Config/Windows/Scalability.ini]
[2020.11.10-07.38.35:003][  0]LogConfig: Setting CVar [[r.TranslucencyLightingVolumeDim:64]]
[2020.11.10-07.38.35:003][  0]LogConfig: Setting CVar [[r.RefractionQuality:2]]
[2020.11.10-07.38.35:003][  0]LogConfig: Setting CVar [[r.SSR.Quality:3]]
[2020.11.10-07.38.35:003][  0]LogConfig: Setting CVar [[r.SSR.HalfResSceneColor:0]]
[2020.11.10-07.38.35:003][  0]LogConfig: Setting CVar [[r.SceneColorFormat:4]]
[2020.11.10-07.38.35:003][  0]LogConfig: Setting CVar [[r.DetailMode:2]]
[2020.11.10-07.38.35:003][  0]LogConfig: Setting CVar [[r.TranslucencyVolumeBlur:1]]
[2020.11.10-07.38.35:003][  0]LogConfig: Setting CVar [[r.MaterialQualityLevel:1 ; High quality]]
[2020.11.10-07.38.35:003][  0]LogConfig: Setting CVar [[r.SSS.Scale:1]]
[2020.11.10-07.38.35:003][  0]LogConfig: Setting CVar [[r.SSS.SampleSet:2]]
[2020.11.10-07.38.35:003][  0]LogConfig: Setting CVar [[r.SSS.Quality:1]]
[2020.11.10-07.38.35:003][  0]LogConfig: Setting CVar [[r.SSS.HalfRes:0]]
[2020.11.10-07.38.35:003][  0]LogConfig: Setting CVar [[r.SSGI.Quality:3]]
[2020.11.10-07.38.35:003][  0]LogConfig: Setting CVar [[r.EmitterSpawnRateScale:1.0]]
[2020.11.10-07.38.35:003][  0]LogConfig: Setting CVar [[r.ParticleLightQuality:2]]
[2020.11.10-07.38.35:003][  0]LogConfig: Setting CVar [[r.SkyAtmosphere.AerialPerspectiveLUT.FastApplyOnOpaque:1 ; Always have FastSkyLUT 1 in this case to avoid wrong sky]]
[2020.11.10-07.38.35:003][  0]LogConfig: Setting CVar [[r.SkyAtmosphere.AerialPerspectiveLUT.SampleCountPerSlice:1]]
[2020.11.10-07.38.35:004][  0]LogConfig: Setting CVar [[r.SkyAtmosphere.AerialPerspectiveLUT.DepthResolution:16.0]]
[2020.11.10-07.38.35:004][  0]LogConfig: Setting CVar [[r.SkyAtmosphere.FastSkyLUT:1]]
[2020.11.10-07.38.35:004][  0]LogConfig: Setting CVar [[r.SkyAtmosphere.FastSkyLUT.SampleCountMin:4.0]]
[2020.11.10-07.38.35:004][  0]LogConfig: Setting CVar [[r.SkyAtmosphere.FastSkyLUT.SampleCountMax:32.0]]
[2020.11.10-07.38.35:004][  0]LogConfig: Setting CVar [[r.SkyAtmosphere.SampleCountMin:4.0]]
[2020.11.10-07.38.35:004][  0]LogConfig: Setting CVar [[r.SkyAtmosphere.SampleCountMax:32.0]]
[2020.11.10-07.38.35:004][  0]LogConfig: Setting CVar [[r.SkyAtmosphere.TransmittanceLUT.UseSmallFormat:0]]
[2020.11.10-07.38.35:004][  0]LogConfig: Setting CVar [[r.SkyAtmosphere.TransmittanceLUT.SampleCount:10.0]]
[2020.11.10-07.38.35:004][  0]LogConfig: Setting CVar [[r.SkyAtmosphere.MultiScatteringLUT.SampleCount:15.0]]
[2020.11.10-07.38.35:004][  0]LogConfig: Applying CVar settings from Section [FoliageQuality@3] File [D:/project22D/Saved/Config/Windows/Scalability.ini]
[2020.11.10-07.38.35:004][  0]LogConfig: Setting CVar [[foliage.DensityScale:1.0]]
[2020.11.10-07.38.35:004][  0]LogConfig: Setting CVar [[grass.DensityScale:1.0]]
[2020.11.10-07.38.35:004][  0]LogConfig: Applying CVar settings from Section [ShadingQuality@3] File [D:/project22D/Saved/Config/Windows/Scalability.ini]
[2020.11.10-07.38.35:004][  0]LogConfig: Setting CVar [[r.HairStrands.SkyLighting.SampleCount:16]]
[2020.11.10-07.38.35:004][  0]LogConfig: Setting CVar [[r.HairStrands.SkyLighting.JitterIntegration:0]]
[2020.11.10-07.38.35:004][  0]LogConfig: Setting CVar [[r.HairStrands.SkyAO.SampleCount:16]]
[2020.11.10-07.38.35:004][  0]LogConfig: Setting CVar [[r.HairStrands.DeepShadow.SuperSampling:0]]
[2020.11.10-07.38.35:004][  0]LogConfig: Setting CVar [[r.HairStrands.VisibilityPPLL:0]]
[2020.11.10-07.38.35:004][  0]LogConfig: Setting CVar [[r.HairStrands.RasterizationScale:0.5]]
[2020.11.10-07.38.35:004][  0]LogConfig: Setting CVar [[r.HairStrands.VelocityRasterizationScale:1]]
[2020.11.10-07.38.35:004][  0]LogConfig: Applying CVar settings from Section [Startup] File [../../../Engine/Config/ConsoleVariables.ini]
[2020.11.10-07.38.35:020][  0]LogConfig: Setting CVar [[net.UseAdaptiveNetUpdateFrequency:0]]
[2020.11.10-07.38.35:020][  0]LogConfig: Setting CVar [[p.chaos.AllowCreatePhysxBodies:1]]
[2020.11.10-07.38.35:020][  0]LogConfig: Setting CVar [[fx.SkipVectorVMBackendOptimizations:1]]
[2020.11.10-07.38.35:020][  0]LogConfig: Applying CVar settings from Section [ConsoleVariables] File [D:/project22D/Saved/Config/Windows/Engine.ini]
[2020.11.10-07.38.35:020][  0]LogInit: Computer: LAPTOP-0U7B8JO0
[2020.11.10-07.38.35:020][  0]LogInit: User: Mason
[2020.11.10-07.38.35:020][  0]LogInit: CPU Page size=4096, Cores=2
[2020.11.10-07.38.35:020][  0]LogInit: High frequency timer resolution =10.000000 MHz
[2020.11.10-07.38.35:021][  0]LogMemory: Memory total: Physical=3.8GB (4GB approx)
[2020.11.10-07.38.35:021][  0]LogMemory: Platform Memory Stats for Windows
[2020.11.10-07.38.35:021][  0]LogMemory: Process Physical Memory: 112.01 MB used, 112.02 MB peak
[2020.11.10-07.38.35:021][  0]LogMemory: Process Virtual Memory: 95.07 MB used, 95.07 MB peak
[2020.11.10-07.38.35:021][  0]LogMemory: Physical Memory: 2156.37 MB used,  1762.69 MB free, 3919.05 MB total
[2020.11.10-07.38.35:021][  0]LogMemory: Virtual Memory: 5137.02 MB used,  134212592.00 MB free, 134217728.00 MB total
[2020.11.10-07.38.35:028][  0]LogWindows: WindowsPlatformFeatures enabled
[2020.11.10-07.38.35:189][  0]LogInit: Physics initialised using underlying interface: PhysX
[2020.11.10-07.38.35:193][  0]LogInit: Using OS detected language (en-US).
[2020.11.10-07.38.35:193][  0]LogInit: Using OS detected locale (en-US).
[2020.11.10-07.38.35:201][  0]LogTextLocalizationManager: No specific localization for 'en-US' exists, so the 'en' localization will be used.
[2020.11.10-07.38.36:222][  0]LogInit: Setting process to per monitor DPI aware
[2020.11.10-07.38.36:437][  0]LogSlate: New Slate User Created.  User Index 0, Is Virtual User: 0
[2020.11.10-07.38.36:437][  0]LogSlate: Slate User Registered.  User Index 0, Is Virtual User: 0
[2020.11.10-07.38.37:336][  0]LogHMD: Failed to initialize OpenVR with code 110
[2020.11.10-07.38.37:336][  0]LogD3D11RHI: D3D11 min allowed feature level: 11_0
[2020.11.10-07.38.37:336][  0]LogD3D11RHI: D3D11 max allowed feature level: 11_0
[2020.11.10-07.38.37:336][  0]LogD3D11RHI: D3D11 adapters:
[2020.11.10-07.38.37:436][  0]LogD3D11RHI:    0. 'Intel(R) UHD Graphics 600' (Feature Level 11_0)
[2020.11.10-07.38.37:436][  0]LogD3D11RHI:       128/0/1959 MB DedicatedVideo/DedicatedSystem/SharedSystem, Outputs:1, VendorId:0x8086
[2020.11.10-07.38.37:442][  0]LogD3D11RHI:    1. 'Microsoft Basic Render Driver' (Feature Level 11_0)
[2020.11.10-07.38.37:442][  0]LogD3D11RHI:       0/0/1959 MB DedicatedVideo/DedicatedSystem/SharedSystem, Outputs:0, VendorId:0x1414
[2020.11.10-07.38.37:442][  0]LogD3D11RHI: Chosen D3D11 Adapter: 0
[2020.11.10-07.38.37:450][  0]LogD3D11RHI: Creating new Direct3DDevice
[2020.11.10-07.38.37:450][  0]LogD3D11RHI:     GPU DeviceId: 0x3185 (for the marketing name, search the web for "GPU Device Id")
[2020.11.10-07.38.37:450][  0]LogWindows: EnumDisplayDevices:
[2020.11.10-07.38.37:451][  0]LogWindows:    0. 'Intel(R) UHD Graphics 600' (P:1 D:1)
[2020.11.10-07.38.37:451][  0]LogWindows:    1. 'Intel(R) UHD Graphics 600' (P:0 D:0)
[2020.11.10-07.38.37:452][  0]LogWindows:    2. 'Intel(R) UHD Graphics 600' (P:0 D:0)
[2020.11.10-07.38.37:452][  0]LogWindows: DebugString: FoundDriverCount:3 
[2020.11.10-07.38.37:452][  0]LogD3D11RHI:     Adapter Name: Intel(R) UHD Graphics 600
[2020.11.10-07.38.37:452][  0]LogD3D11RHI:   Driver Version: 24.20.100.6287 (internal:24.20.100.6287, unified:24.20.100.6287)
[2020.11.10-07.38.37:452][  0]LogD3D11RHI:      Driver Date: 8-15-2018
[2020.11.10-07.38.37:452][  0]LogRHI: Texture pool is 775 MB (70% of 1107 MB)
[2020.11.10-07.38.37:541][  0]LogD3D11RHI: RHI does not have support for 64 bit atomics
[2020.11.10-07.38.37:541][  0]LogD3D11RHI: Async texture creation enabled
[2020.11.10-07.38.37:541][  0]LogD3D11RHI: Array index from any shader is supported
[2020.11.10-07.38.37:560][  0]LogD3D11RHI: GPU Timing Frequency: 19.200123 (Debug: 2 0)
[2020.11.10-07.38.38:159][  0]LogTargetPlatformManager: Display: Loaded TargetPlatform 'AllDesktop'
[2020.11.10-07.38.38:205][  0]LogTargetPlatformManager: Display: Loaded TargetPlatform 'Android'
[2020.11.10-07.38.38:205][  0]LogTargetPlatformManager: Display: Loaded TargetPlatform 'Android_ASTC'
[2020.11.10-07.38.38:205][  0]LogTargetPlatformManager: Display: Loaded TargetPlatform 'Android_DXT'
[2020.11.10-07.38.38:205][  0]LogTargetPlatformManager: Display: Loaded TargetPlatform 'Android_ETC2'
[2020.11.10-07.38.38:205][  0]LogTargetPlatformManager: Display: Loaded TargetPlatform 'AndroidClient'
[2020.11.10-07.38.38:205][  0]LogTargetPlatformManager: Display: Loaded TargetPlatform 'Android_ASTCClient'
[2020.11.10-07.38.38:205][  0]LogTargetPlatformManager: Display: Loaded TargetPlatform 'Android_DXTClient'
[2020.11.10-07.38.38:205][  0]LogTargetPlatformManager: Display: Loaded TargetPlatform 'Android_ETC2Client'
[2020.11.10-07.38.38:205][  0]LogTargetPlatformManager: Display: Loaded TargetPlatform 'Android_Multi'
[2020.11.10-07.38.38:205][  0]LogTargetPlatformManager: Display: Loaded TargetPlatform 'Android_MultiClient'
[2020.11.10-07.38.38:256][  0]LogTargetPlatformManager: Display: Loaded TargetPlatform 'IOSClient'
[2020.11.10-07.38.38:256][  0]LogTargetPlatformManager: Display: Loaded TargetPlatform 'IOS'
[2020.11.10-07.38.38:277][  0]LogTargetPlatformManager: Display: Loaded TargetPlatform 'Linux'
[2020.11.10-07.38.38:297][  0]LogTargetPlatformManager: Display: Loaded TargetPlatform 'LinuxNoEditor'
[2020.11.10-07.38.38:318][  0]LogTargetPlatformManager: Display: Loaded TargetPlatform 'LinuxClient'
[2020.11.10-07.38.38:337][  0]LogTargetPlatformManager: Display: Loaded TargetPlatform 'LinuxServer'
[2020.11.10-07.38.38:357][  0]LogTargetPlatformManager: Display: Loaded TargetPlatform 'LinuxAArch64NoEditor'
[2020.11.10-07.38.38:378][  0]LogTargetPlatformManager: Display: Loaded TargetPlatform 'LinuxAArch64Client'
[2020.11.10-07.38.38:397][  0]LogTargetPlatformManager: Display: Loaded TargetPlatform 'LinuxAArch64Server'
[2020.11.10-07.38.38:454][  0]LogTargetPlatformManager: Display: Loaded TargetPlatform 'Lumin'
[2020.11.10-07.38.38:454][  0]LogTargetPlatformManager: Display: Loaded TargetPlatform 'LuminClient'
[2020.11.10-07.38.38:487][  0]LogTargetPlatformManager: Display: Loaded TargetPlatform 'TVOSClient'
[2020.11.10-07.38.38:487][  0]LogTargetPlatformManager: Display: Loaded TargetPlatform 'TVOS'
[2020.11.10-07.38.38:508][  0]LogTargetPlatformManager: Display: Loaded TargetPlatform 'WindowsNoEditor'
[2020.11.10-07.38.38:531][  0]LogTargetPlatformManager: Display: Loaded TargetPlatform 'Windows'
[2020.11.10-07.38.38:554][  0]LogTargetPlatformManager: Display: Loaded TargetPlatform 'WindowsClient'
[2020.11.10-07.38.38:574][  0]LogTargetPlatformManager: Display: Loaded TargetPlatform 'WindowsServer'
[2020.11.10-07.38.38:575][  0]LogTargetPlatformManager: Display: Building Assets For Windows
[2020.11.10-07.38.38:592][  0]LogAudioDebug: Display: Lib vorbis DLL was dynamically loaded.
[2020.11.10-07.38.38:728][  0]LogShaderCompilers: Guid format shader working directory is 21 characters bigger than the processId version (../../../../../project22D/Intermediate/Shaders/WorkingDirectory/1716/).
[2020.11.10-07.38.38:729][  0]LogShaderCompilers: Cleaned the shader compiler working directory 'C:/Users/Mason/AppData/Local/Temp/UnrealShaderWorkingDir/77C7CEDF488C92388D50FCA0C193B796/'.
[2020.11.10-07.38.38:730][  0]LogXGEController: Cannot use XGE Controller as Incredibuild is not installed on this machine.
[2020.11.10-07.38.38:730][  0]LogShaderCompilers: Cannot use XGE Shader Compiler as Incredibuild is not installed on this machine.
[2020.11.10-07.38.38:730][  0]LogShaderCompilers: Display: Using Local Shader Compiler.
[2020.11.10-07.38.40:635][  0]LogDerivedDataCache: Display: Max Cache Size: 512 MB
[2020.11.10-07.38.40:731][  0]LogDerivedDataCache: Loaded boot cache 0.10s 75MB C:/Users/Mason/AppData/Local/UnrealEngine/4.25/DerivedDataCache/Boot.ddc.
[2020.11.10-07.38.40:732][  0]LogDerivedDataCache: Display: Loaded Boot cache: C:/Users/Mason/AppData/Local/UnrealEngine/4.25/DerivedDataCache/Boot.ddc
[2020.11.10-07.38.40:738][  0]LogDerivedDataCache: FDerivedDataBackendGraph:  Pak pak cache file ../../../../../project22D/DerivedDataCache/DDC.ddp not found, will not use a pak cache.
[2020.11.10-07.38.40:738][  0]LogDerivedDataCache: Unable to find inner node Pak for hierarchical cache Hierarchy.
[2020.11.10-07.38.40:738][  0]LogDerivedDataCache: FDerivedDataBackendGraph:  CompressedPak pak cache file ../../../../../project22D/DerivedDataCache/Compressed.ddp not found, will not use a pak cache.
[2020.11.10-07.38.40:739][  0]LogDerivedDataCache: Unable to find inner node CompressedPak for hierarchical cache Hierarchy.
[2020.11.10-07.38.40:756][  0]LogDerivedDataCache: Display: Pak cache opened for reading ../../../Engine/DerivedDataCache/Compressed.ddp.
[2020.11.10-07.38.40:756][  0]LogDerivedDataCache: FDerivedDataBackendGraph:  EnterprisePak pak cache file ../../../Enterprise/DerivedDataCache/Compressed.ddp not found, will not use a pak cache.
[2020.11.10-07.38.40:756][  0]LogDerivedDataCache: Unable to find inner node EnterprisePak for hierarchical cache Hierarchy.
[2020.11.10-07.38.40:758][  0]LogDerivedDataCache: Using Local data cache path C:/Users/Mason/AppData/Local/UnrealEngine/Common/DerivedDataCache: Writable
[2020.11.10-07.38.40:759][  0]LogDerivedDataCache: Shared data cache path not found in *engine.ini, will not use an Shared cache.
[2020.11.10-07.38.40:759][  0]LogDerivedDataCache: Unable to find inner node Shared for hierarchical cache Hierarchy.
[2020.11.10-07.38.40:873][  0]LogSlate: Using FreeType 2.10.0
[2020.11.10-07.38.40:874][  0]LogSlate: SlateFontServices - WITH_FREETYPE: 1, WITH_HARFBUZZ: 1
[2020.11.10-07.38.40:978][  0]LogAssetRegistry: FAssetRegistry took 0.0156 seconds to start up
[2020.11.10-07.38.41:556][  0]LogInit: Selected Device Profile: [Windows]
[2020.11.10-07.38.41:924][  0]LogMeshReduction: Using QuadricMeshReduction for automatic static mesh reduction
[2020.11.10-07.38.41:924][  0]LogMeshReduction: Using SimplygonMeshReduction for automatic skeletal mesh reduction
[2020.11.10-07.38.41:924][  0]LogMeshReduction: Using ProxyLODMeshReduction for automatic mesh merging
[2020.11.10-07.38.41:924][  0]LogMeshReduction: No distributed automatic mesh merging module available
[2020.11.10-07.38.41:924][  0]LogMeshMerging: No distributed automatic mesh merging module available
[2020.11.10-07.38.41:954][  0]LogNetVersion: project22D 1.0.0, NetCL: 13144385, EngineNetVer: 14, GameNetVer: 0 (Checksum: 725140061)
[2020.11.10-07.38.43:334][  0]LogAISub: UAISubsystem::UAISubsystem AISubsystem (000001DB5BAA9780), frame # 0
[2020.11.10-07.38.43:334][  0]LogAISub: UAISubsystem::UAISubsystem AIPerceptionSystem (000001DB5B6CAAC0), frame # 0
[2020.11.10-07.38.43:337][  0]LogAISub: UAISubsystem::UAISubsystem EnvQueryManager (000001DB5B8B1E00), frame # 0
[2020.11.10-07.38.44:024][  0]LogPackageLocalizationCache: Processed 19 localized package path(s) for 1 prioritized culture(s) in 0.674131 seconds
[2020.11.10-07.38.44:037][  0]LogUObjectArray: 15917 objects as part of root set at end of initial load.
[2020.11.10-07.38.44:037][  0]LogUObjectAllocator: 3965568 out of 0 bytes used by permanent object pool.
[2020.11.10-07.38.44:037][  0]LogUObjectArray: CloseDisregardForGC: 0/0 objects in disregard for GC pool
[2020.11.10-07.38.44:834][  0]LogTcpMessaging: Initializing TcpMessaging bridge
[2020.11.10-07.38.44:845][  0]LogUdpMessaging: Initializing bridge on interface 0.0.0.0:0 to multicast group 230.0.0.1:6666.
[2020.11.10-07.38.45:040][  0]SourceControl: Source control is disabled
[2020.11.10-07.38.45:041][  0]SourceControl: Source control is disabled
[2020.11.10-07.38.45:050][  0]SourceControl: Source control is disabled
[2020.11.10-07.38.45:057][  0]SourceControl: Source control is disabled
[2020.11.10-07.38.45:071][  0]SourceControl: Source control is disabled
[2020.11.10-07.38.45:640][  0]LogAndroidPermission: UAndroidPermissionCallbackProxy::GetInstance
[2020.11.10-07.38.45:687][  0]LogAudioCaptureCore: Display: No Audio Capture implementations found. Audio input will be silent.
[2020.11.10-07.38.45:687][  0]LogAudioCaptureCore: Display: No Audio Capture implementations found. Audio input will be silent.
[2020.11.10-07.38.45:808][  0]LogOcInput: OculusInput pre-init called
[2020.11.10-07.38.45:830][  0]LogWindows: Failed to load 'OVRPlugin.dll' (GetLastError=126)
[2020.11.10-07.38.45:831][  0]LogWindows: File 'OVRPlugin.dll' does not exist
[2020.11.10-07.38.45:974][  0]LogEngine: Initializing Engine...
[2020.11.10-07.38.45:982][  0]LogHMD: Failed to initialize OpenVR with code 110
[2020.11.10-07.38.45:982][  0]LogMagicLeap: Warning: VR disabled because ZI is not enabled.  To enable, in the editor, Edit -> Project Settings -> Plugins -> Magic Leap Plugin -> Enable Zero Iteration
[2020.11.10-07.38.45:984][  0]LogStats: UGameplayTagsManager::InitializeManager -  0.000 s
[2020.11.10-07.38.46:787][  0]LogInit: Initializing FReadOnlyCVARCache
[2020.11.10-07.38.46:812][  0]LogAIModule: Creating AISystem for world Untitled
[2020.11.10-07.38.46:812][  0]LogAISub: UAISubsystem::UAISubsystem EnvQueryManager (000001DB61F10600), frame # 0
[2020.11.10-07.38.46:812][  0]LogAISub: UAISubsystem::UAISubsystem AIPerceptionSystem (000001DB62ED3380), frame # 0
[2020.11.10-07.38.46:823][  0]LogAudioMixer: Display: Audio Mixer Platform Settings:
[2020.11.10-07.38.46:824][  0]LogAudioMixer: Display: 	Sample Rate:						  48000
[2020.11.10-07.38.46:824][  0]LogAudioMixer: Display: 	Callback Buffer Frame Size Requested: 1024
[2020.11.10-07.38.46:824][  0]LogAudioMixer: Display: 	Callback Buffer Frame Size To Use:	  1024
[2020.11.10-07.38.46:824][  0]LogAudioMixer: Display: 	Number of buffers to queue:			  2
[2020.11.10-07.38.46:824][  0]LogAudioMixer: Display: 	Max Channels (voices):				  32
[2020.11.10-07.38.46:824][  0]LogAudioMixer: Display: 	Number of Async Source Workers:		  0
[2020.11.10-07.38.46:824][  0]LogAudio: Display: AudioDevice MaxSources: 32
[2020.11.10-07.38.46:824][  0]LogAudio: Display: Using built-in audio occlusion.
[2020.11.10-07.38.46:824][  0]LogAudioMixer: Display: Initializing audio mixer.
[2020.11.10-07.38.46:859][  0]LogAudioMixer: Display: 0: FrontLeft
[2020.11.10-07.38.46:859][  0]LogAudioMixer: Display: 1: FrontRight
[2020.11.10-07.38.46:994][  0]LogAudioMixer: Display: Using Audio Device Speakers (Realtek(R) Audio)
[2020.11.10-07.38.46:994][  0]LogAudioMixer: Display: Initializing Sound Submixes...
[2020.11.10-07.38.46:997][  0]LogAudioMixer: Display: Creating Master Submix 'MasterSubmixDefault'
[2020.11.10-07.38.46:998][  0]LogAudioMixer: Display: Creating Master Submix 'MasterReverbSubmixDefault'
[2020.11.10-07.38.47:000][  0]LogAudioMixer: Display: Creating Master Submix 'MasterEQSubmixDefault'
[2020.11.10-07.38.47:002][  0]LogInit: FAudioDevice initialized.
[2020.11.10-07.38.47:003][  0]LogNetVersion: Set ProjectVersion to 1.0.0.0. Version Checksum will be recalculated on next use.
[2020.11.10-07.38.47:156][  0]LogDerivedDataCache: Saved boot cache 0.15s 75MB C:/Users/Mason/AppData/Local/UnrealEngine/4.25/DerivedDataCache/Boot.ddc.
[2020.11.10-07.38.47:167][  0]LogInit: Texture streaming: Enabled
[2020.11.10-07.38.47:207][  0]LogEngineSessionManager: EngineSessionManager initialized
[2020.11.10-07.38.47:207][  0]LogEditorSessionSummary: Verbose: Initializing EditorSessionSummaryWriter for editor session tracking
[2020.11.10-07.38.47:211][  0]LogEditorSessionSummary: EditorSessionSummaryWriter initialized
[2020.11.10-07.38.47:617][  0]LogInit: Transaction tracking system initialized
[2020.11.10-07.38.47:703][  0]BlueprintLog: New page: Editor Load
[2020.11.10-07.38.47:878][  0]LocalizationService: Localization service is disabled
[2020.11.10-07.38.48:299][  0]LogCook: Display: Max memory allowance for cook 16384mb min free memory 0mb
[2020.11.10-07.38.48:299][  0]LogCook: Display: Mobile HDR setting 0
[2020.11.10-07.38.48:613][  0]LogFileCache: Scanning file cache for directory 'D:/project22D/Content/' took 0.06s
[2020.11.10-07.38.49:721][  0]SourceControl: Source control is disabled
[2020.11.10-07.38.49:891][  0]LogSlate: Took 0.000308 seconds to synchronously load lazily loaded font '../../../Engine/Content/Slate/Fonts/Roboto-Regular.ttf' (155K)
[2020.11.10-07.39.12:780][  0]LogSlate: Window 'Restore Packages' being destroyed
[2020.11.10-07.39.12:782][  0]LogWindowsTextInputMethodSystem: Display: IME system now deactivated.
[2020.11.10-07.39.12:849][  0]LogWindowsTextInputMethodSystem: Display: IME system now deactivated.
[2020.11.10-07.39.12:850][  0]LogUnrealEdMisc: Loading editor; pre map load, took 52.141
[2020.11.10-07.39.12:851][  0]Cmd: MAP LOAD FILE="../../../../../project22D/Content/2DSideScrollerBP/Maps/2DSideScrollerExampleMap.umap" TEMPLATE=0 SHOWPROGRESS=1 FEATURELEVEL=3
[2020.11.10-07.39.12:869][  0]LightingResults: New page: Lighting Build
[2020.11.10-07.39.12:870][  0]LogWorld: UWorld::CleanupWorld for Untitled, bSessionEnded=true, bCleanupResources=true
[2020.11.10-07.39.12:870][  0]LogSlate: InvalidateAllWidgets triggered.  All widgets were invalidated
[2020.11.10-07.39.12:871][  0]MapCheck: New page: Map Check
[2020.11.10-07.39.12:871][  0]LightingResults: New page: Lighting Build
[2020.11.10-07.39.12:894][  0]LogAISub: UAISubsystem::~UAISubsystem EnvQueryManager (000001DB61F10600), frame # 0
[2020.11.10-07.39.12:895][  0]LogAISub: UAISubsystem::~UAISubsystem AIPerceptionSystem (000001DB62ED3380), frame # 0
[2020.11.10-07.39.12:897][  0]LogUObjectHash: Compacting FUObjectHashTables data took   1.83ms
[2020.11.10-07.39.13:928][  0]LogAIModule: Creating AISystem for world 2DSideScrollerExampleMap
[2020.11.10-07.39.13:929][  0]LogAISub: UAISubsystem::UAISubsystem EnvQueryManager (000001DB622F1800), frame # 0
[2020.11.10-07.39.13:929][  0]LogAISub: UAISubsystem::UAISubsystem AIPerceptionSystem (000001DB4F1111C0), frame # 0
[2020.11.10-07.39.13:977][  0]LogEditorServer: Finished looking for orphan Actors (0.000 secs)
[2020.11.10-07.39.14:155][  0]LogUObjectHash: Compacting FUObjectHashTables data took   2.13ms
[2020.11.10-07.39.14:161][  0]Cmd: MAP CHECKDEP NOCLEARLOG
[2020.11.10-07.39.14:175][  0]MapCheck: Map check complete: 0 Error(s), 0 Warning(s), took 6.957ms to complete.
[2020.11.10-07.39.14:175][  0]LogFileHelpers: Loading map '2DSideScrollerExampleMap' took 1.324
[2020.11.10-07.39.14:184][  0]LogUnrealEdMisc: Total Editor Startup Time, took 53.475
[2020.11.10-07.39.14:818][  0]LogSlate: Updating window title bar state: overlay mode, drag disabled, window buttons hidden, title bar hidden
[2020.11.10-07.39.14:842][  0]LogSlate: Updating window title bar state: overlay mode, drag disabled, window buttons hidden, title bar hidden
[2020.11.10-07.39.14:863][  0]LogSlate: Updating window title bar state: overlay mode, drag disabled, window buttons hidden, title bar hidden
[2020.11.10-07.39.14:883][  0]LogSlate: Updating window title bar state: overlay mode, drag disabled, window buttons hidden, title bar hidden
[2020.11.10-07.39.14:946][  0]LogCollectionManager: Loaded 0 collections in 0.003746 seconds
[2020.11.10-07.39.15:105][  0]LogFileCache: Scanning file cache for directory 'D:/project22D/Saved/Collections/' took 0.00s
[2020.11.10-07.39.15:105][  0]LogFileCache: Scanning file cache for directory 'D:/project22D/Content/Developers/Mason/Collections/' took 0.00s
[2020.11.10-07.39.15:105][  0]LogFileCache: Scanning file cache for directory 'D:/project22D/Content/Collections/' took 0.00s
[2020.11.10-07.39.15:105][  0]LogContentBrowser: Native class hierarchy populated in 0.0328 seconds. Added 3427 classes and 821 folders.
[2020.11.10-07.39.15:163][  0]LogContentBrowser: Native class hierarchy updated for 'WidgetCarousel' in 0.0009 seconds. Added 0 classes and 0 folders.
[2020.11.10-07.39.17:332][  0]LogContentBrowser: Native class hierarchy updated for 'AddContentDialog' in 0.0007 seconds. Added 0 classes and 0 folders.
[2020.11.10-07.39.17:359][  0]LogContentBrowser: Native class hierarchy updated for 'SceneOutliner' in 0.0007 seconds. Added 2 classes and 0 folders.
[2020.11.10-07.39.17:754][  0]LogSlate: Took 0.000604 seconds to synchronously load lazily loaded font '../../../Engine/Content/Slate/Fonts/Roboto-Bold.ttf' (160K)
[2020.11.10-07.39.17:809][  0]LogSlate: Took 0.023074 seconds to synchronously load lazily loaded font '../../../Engine/Content/Editor/Slate/Fonts/FontAwesome.ttf' (139K)
[2020.11.10-07.39.18:190][  0]LogRenderer: Reallocating scene render targets to support 636x348 Format 10 NumSamples 1 (Frame:1).
[2020.11.10-07.39.19:260][  0]LogContentBrowser: Native class hierarchy updated for 'HierarchicalLODOutliner' in 0.0007 seconds. Added 0 classes and 0 folders.
[2020.11.10-07.39.19:260][  0]LogLoad: (Engine Initialization) Total time: 58.55 seconds
[2020.11.10-07.39.19:260][  0]LogLoad: (Engine Initialization) Total Blueprint compile time: 0.00 seconds
[2020.11.10-07.39.20:261][  0]LogEditorViewport: Clicking on Actor (LMB): PaperSpriteActor (Background_Sprite)
[2020.11.10-07.39.20:965][  0]LogEditorViewport: Clicking on Actor (LMB): PaperSpriteActor (Background_Sprite)
[2020.11.10-07.39.21:140][  0]LogContentStreaming: Texture pool size now 1000 MB
[2020.11.10-07.39.21:276][  0]LogSlate: Took 0.017302 seconds to synchronously load lazily loaded font '../../../Engine/Content/Slate/Fonts/Roboto-Light.ttf' (167K)
[2020.11.10-07.39.21:649][  1]LogAssetRegistry: Asset discovery search completed in 40.6740 seconds
[2020.11.10-07.39.21:659][  1]LogCollectionManager: Fixed up redirectors for 0 collections in 0.000005 seconds (updated 0 objects)
[2020.11.10-07.39.21:831][  2]LogSlate: Took 0.001010 seconds to synchronously load lazily loaded font '../../../Engine/Content/Slate/Fonts/Roboto-Light.ttf' (167K)
[2020.11.10-07.39.28:240][152]LogAssetEditorSubsystem: Opening Asset editor for PaperSprite /Game/2DSideScroller/Sprites/Background_Sprite.Background_Sprite
[2020.11.10-07.39.28:660][152]LogAssetEditorSubsystem: Opening Asset editor for Blueprint /Game/2DSideScrollerBP/Blueprints/2DSideScrollerCharacter.2DSideScrollerCharacter
[2020.11.10-07.39.30:159][152]LogContentBrowser: Native class hierarchy updated for 'BlueprintGraph' in 0.0033 seconds. Added 125 classes and 0 folders.
[2020.11.10-07.39.34:860][152]LogSlate: Took 0.000310 seconds to synchronously load lazily loaded font '../../../Engine/Content/Slate/Fonts/Roboto-BoldCondensed.ttf' (158K)
[2020.11.10-07.39.35:332][153]LogSlate: Took 0.017999 seconds to synchronously load lazily loaded font '../../../Engine/Content/Slate/Fonts/Roboto-Italic.ttf' (157K)
[2020.11.10-07.39.46:048][422]LogEditorViewport: Clicking on Actor (LMB): PaperSpriteActor (Background_Sprite)
[2020.11.10-07.39.57:960][715]LogEditorViewport: Clicking on Actor (LMB): PaperSpriteActor (Background_Sprite)
[2020.11.10-07.39.59:084][739]LogEditorViewport: Clicking on Actor (LMB): 2DSideScrollerCharacter_C (2DSideScrollerCharacter)
[2020.11.10-07.41.16:181][215]LogSelectionDetails: Warning: NavigateToFunctionSource:  Unable to find symbols for 'ACharacter::StopJumping' [Element not found.]
[2020.11.10-07.44.59:921][ 84]BlueprintLog: New page: Compile 2DSideScrollerCharacter
[2020.11.10-07.45.00:325][ 84]LogUObjectHash: Compacting FUObjectHashTables data took   6.92ms
[2020.11.10-07.45.09:133][302]LogUObjectHash: Compacting FUObjectHashTables data took   7.35ms
[2020.11.10-07.45.09:313][302]LogUObjectHash: Compacting FUObjectHashTables data took   1.87ms
[2020.11.10-07.45.10:963][302]LogSavePackage: Moving '../../../../../project22D/Saved/2DSideScrollerExampleMapD6807B984A90B02C4176C89253AE6433.tmp' to '../../../../../project22D/Content/2DSideScrollerBP/Maps/2DSideScrollerExampleMap.umap'
[2020.11.10-07.45.11:116][302]LogFileHelpers: Saving map '2DSideScrollerExampleMap' took 1.908
[2020.11.10-07.45.11:188][302]LogSavePackage: Moving '../../../../../project22D/Saved/2DSideScrollerExampleMap_BuiltDa45A1F68241246DE6B1FFFF992D74E55D.tmp' to '../../../../../project22D/Content/2DSideScrollerBP/Maps/2DSideScrollerExampleMap_BuiltData.uasset'
[2020.11.10-07.45.11:213][302]Cmd: OBJ SAVEPACKAGE PACKAGE="/Game/2DSideScrollerBP/Blueprints/2DSideScrollerCharacter" FILE="../../../../../project22D/Content/2DSideScrollerBP/Blueprints/2DSideScrollerCharacter.uasset" SILENT=true
[2020.11.10-07.45.21:042][302]LogSavePackage: Moving '../../../../../project22D/Saved/2DSideScrollerCharacter8D6F9CD7410E95FDB5C9E19A26F23176.tmp' to '../../../../../project22D/Content/2DSideScrollerBP/Blueprints/2DSideScrollerCharacter.uasset'
[2020.11.10-07.45.21:189][302]AssetCheck: New page: Asset Save: multiple assets
[2020.11.10-07.45.21:189][302]LogContentValidation: Display: Validating World /Game/2DSideScrollerBP/Maps/2DSideScrollerExampleMap.2DSideScrollerExampleMap
[2020.11.10-07.45.21:189][302]LogContentValidation: Display: Validating MapBuildDataRegistry /Game/2DSideScrollerBP/Maps/2DSideScrollerExampleMap_BuiltData.2DSideScrollerExampleMap_BuiltData
[2020.11.10-07.45.21:189][302]LogContentValidation: Display: Validating Blueprint /Game/2DSideScrollerBP/Blueprints/2DSideScrollerCharacter.2DSideScrollerCharacter
[2020.11.10-07.45.53:530][576]LogSlate: Window 'Save Asset As' being destroyed
[2020.11.10-07.45.53:737][576]LogUObjectHash: Compacting FUObjectHashTables data took   5.91ms
[2020.11.10-07.45.53:960][576]Cmd: OBJ SAVEPACKAGE PACKAGE="/Game/2DSideScrollerBP/Blueprints/Blueprint2D" FILE="../../../../../project22D/Content/2DSideScrollerBP/Blueprints/Blueprint2D.uasset" SILENT=true
[2020.11.10-07.45.59:403][576]LogSavePackage: Moving '../../../../../project22D/Saved/Blueprint2D050C01A64F3AA217278A6D98E18081DC.tmp' to '../../../../../project22D/Content/2DSideScrollerBP/Blueprints/Blueprint2D.uasset'
[2020.11.10-07.45.59:625][576]LogAssetEditorSubsystem: Opening Asset editor for Blueprint /Game/2DSideScrollerBP/Blueprints/Blueprint2D.Blueprint2D
[2020.11.10-07.46.00:856][576]LogWorld: UWorld::CleanupWorld for World_2, bSessionEnded=true, bCleanupResources=true
[2020.11.10-07.46.00:858][576]LogSlate: InvalidateAllWidgets triggered.  All widgets were invalidated
[2020.11.10-07.46.01:076][576]AssetCheck: New page: Asset Save: Blueprint2D
[2020.11.10-07.46.01:076][576]LogContentValidation: Display: Validating Blueprint /Game/2DSideScrollerBP/Blueprints/Blueprint2D.Blueprint2D
[2020.11.10-07.46.19:179][637]LogSlate: Window 'Message' being destroyed
[2020.11.10-07.46.19:191][637]Message dialog closed, result: Yes, title: Message, text: Blueprint2D already exists. Do you want to replace it?
[2020.11.10-07.46.19:191][637]LogSlate: Window 'Save Asset As' being destroyed
[2020.11.10-07.46.19:342][637]LogAssetEditorSubsystem: Opening Asset editor for Blueprint /Game/2DSideScrollerBP/Blueprints/Blueprint2D.Blueprint2D
[2020.11.10-07.46.20:310][637]LogWorld: UWorld::CleanupWorld for World_3, bSessionEnded=true, bCleanupResources=true
[2020.11.10-07.46.20:310][637]LogSlate: InvalidateAllWidgets triggered.  All widgets were invalidated
[2020.11.10-07.46.28:738][782]LogEditorViewport: Clicking on Actor (LMB): PaperSpriteActor (Background_Sprite)
[2020.11.10-07.46.29:948][788]LogEditorViewport: Clicking on Actor (LMB): PaperSpriteActor (Background_Sprite)
[2020.11.10-07.46.56:932][609]LogSlate: Window 'Color Picker' being destroyed
[2020.11.10-07.47.17:597][131]LogSlate: Window 'Color Picker' being destroyed
[2020.11.10-07.47.20:014][180]LogEditorViewport: Clicking on Actor (LMB): PaperSpriteActor (Background_Sprite)
[2020.11.10-07.47.24:823][331]LogTemp: Repeating last play command: Selected Viewport
[2020.11.10-07.47.24:940][331]LogPlayLevel: PlayLevel: No blueprints needed recompiling
[2020.11.10-07.47.24:976][331]PIE: New page: PIE session: 2DSideScrollerExampleMap (Nov 9, 2020, 9:47:24 PM)
[2020.11.10-07.47.25:006][331]LogOnline: OSS: Creating online subsystem instance for: NULL
[2020.11.10-07.47.25:021][331]LogOnline: OSS: TryLoadSubsystemAndSetDefault: Loaded subsystem for module [NULL]
[2020.11.10-07.47.25:044][331]LogPlayLevel: Creating play world package: /Game/2DSideScrollerBP/Maps/UEDPIE_0_2DSideScrollerExampleMap
[2020.11.10-07.47.25:080][331]LogPlayLevel: PIE: StaticDuplicateObject took: (0.035685s)
[2020.11.10-07.47.25:090][331]LogAIModule: Creating AISystem for world 2DSideScrollerExampleMap
[2020.11.10-07.47.25:092][331]LogAISub: UAISubsystem::UAISubsystem EnvQueryManager (000001DB8811FE00), frame # 9331
[2020.11.10-07.47.25:093][331]LogAISub: UAISubsystem::UAISubsystem AIPerceptionSystem (000001DB8F231800), frame # 9331
[2020.11.10-07.47.25:094][331]LogPlayLevel: PIE: World Init took: (0.014256s)
[2020.11.10-07.47.25:095][331]LogPlayLevel: PIE: Created PIE world by copying editor world from /Game/2DSideScrollerBP/Maps/2DSideScrollerExampleMap.2DSideScrollerExampleMap to /Game/2DSideScrollerBP/Maps/UEDPIE_0_2DSideScrollerExampleMap.2DSideScrollerExampleMap (0.050791s)
[2020.11.10-07.47.25:330][331]LogUObjectHash: Compacting FUObjectHashTables data took  10.65ms
[2020.11.10-07.47.25:349][331]LogAudioMixer: Display: Audio Mixer Platform Settings:
[2020.11.10-07.47.25:349][331]LogAudioMixer: Display: 	Sample Rate:						  48000
[2020.11.10-07.47.25:349][331]LogAudioMixer: Display: 	Callback Buffer Frame Size Requested: 1024
[2020.11.10-07.47.25:349][331]LogAudioMixer: Display: 	Callback Buffer Frame Size To Use:	  1024
[2020.11.10-07.47.25:349][331]LogAudioMixer: Display: 	Number of buffers to queue:			  2
[2020.11.10-07.47.25:349][331]LogAudioMixer: Display: 	Max Channels (voices):				  32
[2020.11.10-07.47.25:349][331]LogAudioMixer: Display: 	Number of Async Source Workers:		  0
[2020.11.10-07.47.25:349][331]LogAudio: Display: AudioDevice MaxSources: 32
[2020.11.10-07.47.25:352][331]LogAudio: Display: Using built-in audio occlusion.
[2020.11.10-07.47.25:352][331]LogAudioMixer: Display: Initializing audio mixer.
[2020.11.10-07.47.25:443][331]LogAudioMixer: Display: 0: FrontLeft
[2020.11.10-07.47.25:443][331]LogAudioMixer: Display: 1: FrontRight
[2020.11.10-07.47.25:502][331]LogAudioMixer: Display: Using Audio Device Speakers (Realtek(R) Audio)
[2020.11.10-07.47.25:505][331]LogAudioMixer: Display: Initializing Sound Submixes...
[2020.11.10-07.47.25:505][331]LogAudioMixer: Display: Creating Master Submix 'MasterSubmixDefault'
[2020.11.10-07.47.25:505][331]LogAudioMixer: Display: Creating Master Submix 'MasterReverbSubmixDefault'
[2020.11.10-07.47.25:509][331]LogAudioMixer: Display: Creating Master Submix 'MasterEQSubmixDefault'
[2020.11.10-07.47.25:528][331]LogInit: FAudioDevice initialized.
[2020.11.10-07.47.25:564][331]LogLoad: Game class is '2DSideScrollerGameMode_C'
[2020.11.10-07.47.25:612][331]LogWorld: Bringing World /Game/2DSideScrollerBP/Maps/UEDPIE_0_2DSideScrollerExampleMap.2DSideScrollerExampleMap up for play (max tick rate 0) at 2020.11.10-02.47.25
[2020.11.10-07.47.25:619][331]LogWorld: Bringing up level for play took: 0.011211
[2020.11.10-07.47.25:626][331]LogOnline: OSS: Creating online subsystem instance for: :Context_6
[2020.11.10-07.47.26:067][331]LogContentBrowser: Native class hierarchy updated for 'MovieSceneCapture' in 0.0015 seconds. Added 20 classes and 0 folders.
[2020.11.10-07.47.26:106][331]PIE: Server logged in
[2020.11.10-07.47.26:110][331]PIE: Play in editor total start time 1.193 seconds.
[2020.11.10-07.47.58:814][326]LogSlate: Updating window title bar state: overlay mode, drag disabled, window buttons hidden, title bar hidden
[2020.11.10-07.47.58:814][326]LogWorld: BeginTearingDown for /Game/2DSideScrollerBP/Maps/UEDPIE_0_2DSideScrollerExampleMap
[2020.11.10-07.47.58:816][326]LogWorld: UWorld::CleanupWorld for 2DSideScrollerExampleMap, bSessionEnded=true, bCleanupResources=true
[2020.11.10-07.47.58:819][326]LogSlate: InvalidateAllWidgets triggered.  All widgets were invalidated
[2020.11.10-07.47.58:876][326]LogPlayLevel: Display: Shutting down PIE online subsystems
[2020.11.10-07.47.58:909][326]LogSlate: InvalidateAllWidgets triggered.  All widgets were invalidated
[2020.11.10-07.47.59:297][326]LogSlate: Updating window title bar state: overlay mode, drag disabled, window buttons hidden, title bar hidden
[2020.11.10-07.47.59:310][326]LogAISub: UAISubsystem::~UAISubsystem AIPerceptionSystem (000001DB8F231800), frame # 10326
[2020.11.10-07.47.59:310][326]LogAISub: UAISubsystem::~UAISubsystem EnvQueryManager (000001DB8811FE00), frame # 10326
[2020.11.10-07.47.59:454][326]LogUObjectHash: Compacting FUObjectHashTables data took  29.04ms
[2020.11.10-07.47.59:685][327]LogPlayLevel: Display: Destroying online subsystem :Context_6
[2020.11.10-07.48.06:441][520]LogUObjectHash: Compacting FUObjectHashTables data took   9.35ms
[2020.11.10-07.48.06:684][520]LogUObjectHash: Compacting FUObjectHashTables data took   2.64ms
[2020.11.10-07.48.13:086][520]LogSavePackage: Moving '../../../../../project22D/Saved/2DSideScrollerExampleMapF47C00B74C77E72117EC56A43D6BAB52.tmp' to '../../../../../project22D/Content/2DSideScrollerBP/Maps/2DSideScrollerExampleMap.umap'
[2020.11.10-07.48.13:408][520]LogFileHelpers: Saving map '2DSideScrollerExampleMap' took 6.932
[2020.11.10-07.48.13:541][520]LogSavePackage: Moving '../../../../../project22D/Saved/2DSideScrollerExampleMap_BuiltDa0863E55D446C8C4D9CBA2CB7EC45897E.tmp' to '../../../../../project22D/Content/2DSideScrollerBP/Maps/2DSideScrollerExampleMap_BuiltData.uasset'
[2020.11.10-07.48.13:783][520]AssetCheck: New page: Asset Save: multiple assets
[2020.11.10-07.48.13:784][520]LogContentValidation: Display: Validating World /Game/2DSideScrollerBP/Maps/2DSideScrollerExampleMap.2DSideScrollerExampleMap
[2020.11.10-07.48.13:784][520]LogContentValidation: Display: Validating MapBuildDataRegistry /Game/2DSideScrollerBP/Maps/2DSideScrollerExampleMap_BuiltData.2DSideScrollerExampleMap_BuiltData
[2020.11.10-07.48.46:838][678]LogSlate: Window 'Save Level As' being destroyed
[2020.11.10-07.48.47:113][678]LogUObjectHash: Compacting FUObjectHashTables data took   6.78ms
[2020.11.10-07.48.47:347][678]Cmd: OBJ SAVEPACKAGE PACKAGE="/Game/Retry3for2Djump" FILE="../../../../../project22D/Content/Retry3for2Djump.umap" SILENT=true AUTOSAVING=false KEEPDIRTY=false
[2020.11.10-07.48.47:501][678]LogUObjectHash: Compacting FUObjectHashTables data took   6.67ms
[2020.11.10-07.48.53:702][678]LogSavePackage: Moving '../../../../../project22D/Saved/Retry3for2Djump5862F2544671F8FBFA0FF7A8D4C1F157.tmp' to '../../../../../project22D/Content/Retry3for2Djump.umap'
[2020.11.10-07.48.53:956][678]LogFileHelpers: Saving map 'Retry3for2Djump' took 7.096
[2020.11.10-07.48.53:956][678]Cmd: MAP LOAD FILE="../../../../../project22D/Content/Retry3for2Djump.umap" TEMPLATE=0 SHOWPROGRESS=1 FEATURELEVEL=3
[2020.11.10-07.48.53:992][678]LightingResults: New page: Lighting Build
[2020.11.10-07.48.53:992][678]LoadErrors: New page: Loading map: Retry3for2Djump.umap
[2020.11.10-07.48.54:035][678]LogWorld: UWorld::CleanupWorld for 2DSideScrollerExampleMap, bSessionEnded=true, bCleanupResources=true
[2020.11.10-07.48.54:037][678]LogSlate: InvalidateAllWidgets triggered.  All widgets were invalidated
[2020.11.10-07.48.54:037][678]MapCheck: New page: Map Check
[2020.11.10-07.48.54:037][678]LightingResults: New page: Lighting Build
[2020.11.10-07.48.54:138][678]LogAISub: UAISubsystem::~UAISubsystem EnvQueryManager (000001DB622F1800), frame # 10678
[2020.11.10-07.48.54:139][678]LogAISub: UAISubsystem::~UAISubsystem AIPerceptionSystem (000001DB4F1111C0), frame # 10678
[2020.11.10-07.48.54:146][678]LogUObjectHash: Compacting FUObjectHashTables data took   7.15ms
[2020.11.10-07.48.54:158][678]LogEditorServer: Finished looking for orphan Actors (0.000 secs)
[2020.11.10-07.48.54:158][678]LogAIModule: Creating AISystem for world Retry3for2Djump
[2020.11.10-07.48.54:159][678]LogAISub: UAISubsystem::UAISubsystem EnvQueryManager (000001DB626D7600), frame # 10678
[2020.11.10-07.48.54:162][678]LogAISub: UAISubsystem::UAISubsystem AIPerceptionSystem (000001DB0FEDD440), frame # 10678
[2020.11.10-07.48.54:276][678]LogUObjectHash: Compacting FUObjectHashTables data took   7.24ms
[2020.11.10-07.48.54:528][678]Cmd: MAP CHECKDEP NOCLEARLOG
[2020.11.10-07.48.54:529][678]MapCheck: Map check complete: 0 Error(s), 0 Warning(s), took 1.044ms to complete.
[2020.11.10-07.48.54:530][678]LogFileHelpers: Loading map 'Retry3for2Djump' took 0.574
[2020.11.10-07.48.54:558][678]AssetCheck: New page: Asset Save: Retry3for2Djump
[2020.11.10-07.48.54:558][678]LogContentValidation: Display: Validating World /Game/Retry3for2Djump.Retry3for2Djump
[2020.11.10-07.49.28:221][122]LogTemp: Repeating last play command: Selected Viewport
[2020.11.10-07.49.28:310][122]LogPlayLevel: PlayLevel: No blueprints needed recompiling
[2020.11.10-07.49.28:310][122]PIE: New page: PIE session: Retry3for2Djump (Nov 9, 2020, 9:49:28 PM)
[2020.11.10-07.49.28:311][122]LogPlayLevel: Creating play world package: /Game/UEDPIE_0_Retry3for2Djump
[2020.11.10-07.49.28:322][122]LogPlayLevel: PIE: StaticDuplicateObject took: (0.010377s)
[2020.11.10-07.49.28:325][122]LogAIModule: Creating AISystem for world Retry3for2Djump
[2020.11.10-07.49.28:325][122]LogAISub: UAISubsystem::UAISubsystem EnvQueryManager (000001DB1A016800), frame # 11122
[2020.11.10-07.49.28:325][122]LogAISub: UAISubsystem::UAISubsystem AIPerceptionSystem (000001DB12BB20C0), frame # 11122
[2020.11.10-07.49.28:326][122]LogPlayLevel: PIE: World Init took: (0.003896s)
[2020.11.10-07.49.28:326][122]LogPlayLevel: PIE: Created PIE world by copying editor world from /Game/Retry3for2Djump.Retry3for2Djump to /Game/UEDPIE_0_Retry3for2Djump.Retry3for2Djump (0.014671s)
[2020.11.10-07.49.28:564][122]LogUObjectHash: Compacting FUObjectHashTables data took  11.41ms
[2020.11.10-07.49.28:570][122]LogAudioMixer: Display: Audio Mixer Platform Settings:
[2020.11.10-07.49.28:570][122]LogAudioMixer: Display: 	Sample Rate:						  48000
[2020.11.10-07.49.28:570][122]LogAudioMixer: Display: 	Callback Buffer Frame Size Requested: 1024
[2020.11.10-07.49.28:570][122]LogAudioMixer: Display: 	Callback Buffer Frame Size To Use:	  1024
[2020.11.10-07.49.28:570][122]LogAudioMixer: Display: 	Number of buffers to queue:			  2
[2020.11.10-07.49.28:570][122]LogAudioMixer: Display: 	Max Channels (voices):				  32
[2020.11.10-07.49.28:570][122]LogAudioMixer: Display: 	Number of Async Source Workers:		  0
[2020.11.10-07.49.28:570][122]LogAudio: Display: AudioDevice MaxSources: 32
[2020.11.10-07.49.28:572][122]LogAudio: Display: Using built-in audio occlusion.
[2020.11.10-07.49.28:572][122]LogAudioMixer: Display: Initializing audio mixer.
[2020.11.10-07.49.28:579][122]LogAudioMixer: Display: 0: FrontLeft
[2020.11.10-07.49.28:579][122]LogAudioMixer: Display: 1: FrontRight
[2020.11.10-07.49.28:646][122]LogAudioMixer: Display: Using Audio Device Speakers (Realtek(R) Audio)
[2020.11.10-07.49.28:648][122]LogAudioMixer: Display: Initializing Sound Submixes...
[2020.11.10-07.49.28:648][122]LogAudioMixer: Display: Creating Master Submix 'MasterSubmixDefault'
[2020.11.10-07.49.28:648][122]LogAudioMixer: Display: Creating Master Submix 'MasterReverbSubmixDefault'
[2020.11.10-07.49.28:649][122]LogAudioMixer: Display: Creating Master Submix 'MasterEQSubmixDefault'
[2020.11.10-07.49.28:661][122]LogInit: FAudioDevice initialized.
[2020.11.10-07.49.28:679][122]LogLoad: Game class is '2DSideScrollerGameMode_C'
[2020.11.10-07.49.28:683][122]LogWorld: Bringing World /Game/UEDPIE_0_Retry3for2Djump.Retry3for2Djump up for play (max tick rate 0) at 2020.11.10-02.49.28
[2020.11.10-07.49.28:683][122]LogWorld: Bringing up level for play took: 0.003034
[2020.11.10-07.49.28:684][122]LogOnline: OSS: Creating online subsystem instance for: :Context_7
[2020.11.10-07.49.28:690][122]PIE: Server logged in
[2020.11.10-07.49.28:693][122]PIE: Play in editor total start time 0.384 seconds.
[2020.11.10-07.50.02:576][ 81]LogSlate: Updating window title bar state: overlay mode, drag disabled, window buttons hidden, title bar hidden
[2020.11.10-07.50.02:576][ 81]LogWorld: BeginTearingDown for /Game/UEDPIE_0_Retry3for2Djump
[2020.11.10-07.50.02:577][ 81]LogWorld: UWorld::CleanupWorld for Retry3for2Djump, bSessionEnded=true, bCleanupResources=true
[2020.11.10-07.50.02:577][ 81]LogSlate: InvalidateAllWidgets triggered.  All widgets were invalidated
[2020.11.10-07.50.02:650][ 81]LogPlayLevel: Display: Shutting down PIE online subsystems
[2020.11.10-07.50.02:669][ 81]LogSlate: InvalidateAllWidgets triggered.  All widgets were invalidated
[2020.11.10-07.50.02:812][ 81]LogSlate: Updating window title bar state: overlay mode, drag disabled, window buttons hidden, title bar hidden
[2020.11.10-07.50.02:814][ 81]LogAISub: UAISubsystem::~UAISubsystem EnvQueryManager (000001DB1A016800), frame # 12081
[2020.11.10-07.50.02:814][ 81]LogAISub: UAISubsystem::~UAISubsystem AIPerceptionSystem (000001DB12BB20C0), frame # 12081
[2020.11.10-07.50.02:823][ 81]LogUObjectHash: Compacting FUObjectHashTables data took   9.09ms
[2020.11.10-07.50.02:952][ 82]LogPlayLevel: Display: Destroying online subsystem :Context_7
[2020.11.10-07.51.30:518][501]LogAudioMixer: Display: Audio Buffer Underrun detected.
[2020.11.10-07.51.32:864][504]LogAudioMixer: Display: Audio Buffer Underrun detected.
[2020.11.10-07.51.36:734][512]LogAudioMixer: Display: Audio Buffer Underrun detected.
[2020.11.10-07.51.40:489][518]LogAudioMixer: Display: Audio Buffer Underrun detected.
[2020.11.10-07.51.40:489][518]LogAudioMixer: Display: Audio Buffer Underrun detected.
[2020.11.10-07.51.40:489][518]LogAudioMixer: Display: Audio Buffer Underrun detected.
[2020.11.10-07.51.40:489][518]LogAudioMixer: Display: Audio Buffer Underrun detected.
[2020.11.10-07.51.46:308][534]LogAudioMixer: Display: Audio Buffer Underrun detected.
[2020.11.10-07.51.48:673][540]LogAudioMixer: Display: Audio Buffer Underrun detected.
[2020.11.10-07.52.10:926][600]LogAudioMixer: Display: Audio Buffer Underrun detected.
[2020.11.10-07.54.27:878][999]LogAudioMixer: Display: Audio Buffer Underrun detected.
[2020.11.10-07.55.45:854][225]LogAudioMixer: Display: Audio Buffer Underrun detected.
[2020.11.10-07.55.45:854][225]LogAudioMixer: Display: Audio Buffer Underrun detected.
[2020.11.10-07.55.45:854][225]LogAudioMixer: Display: Audio Buffer Underrun detected.
[2020.11.10-07.55.45:854][225]LogAudioMixer: Display: Audio Buffer Underrun detected.
[2020.11.10-07.55.45:854][225]LogAudioMixer: Display: Audio Buffer Underrun detected.
[2020.11.10-07.57.07:363][568]LogSlate: Window 'Message' being destroyed
[2020.11.10-07.57.07:377][568]Message dialog closed, result: Yes, title: Message, text: Retry3for2Djump already exists. Do you want to replace it?
[2020.11.10-07.57.07:381][568]LogSlate: Window 'Save Level As' being destroyed
[2020.11.10-07.57.07:491][568]Cmd: OBJ SAVEPACKAGE PACKAGE="/Game/Retry3for2Djump" FILE="../../../../../project22D/Content/Retry3for2Djump.umap" SILENT=true AUTOSAVING=false KEEPDIRTY=false
[2020.11.10-07.57.07:695][568]LogUObjectHash: Compacting FUObjectHashTables data took   7.22ms
[2020.11.10-07.57.13:994][568]LogSavePackage: Moving '../../../../../project22D/Saved/Retry3for2Djump8D1834BD4F3F7BA9BABBCA9B98A5876E.tmp' to '../../../../../project22D/Content/Retry3for2Djump.umap'
[2020.11.10-07.57.14:252][568]LogFileHelpers: Saving map 'Retry3for2Djump' took 6.818
[2020.11.10-07.57.14:259][568]Cmd: MAP LOAD FILE="../../../../../project22D/Content/Retry3for2Djump.umap" TEMPLATE=0 SHOWPROGRESS=1 FEATURELEVEL=3
[2020.11.10-07.57.14:289][568]LightingResults: New page: Lighting Build
[2020.11.10-07.57.14:293][568]LoadErrors: New page: Loading map: Retry3for2Djump.umap
[2020.11.10-07.57.14:322][568]LogWorld: UWorld::CleanupWorld for Retry3for2Djump, bSessionEnded=true, bCleanupResources=true
[2020.11.10-07.57.14:323][568]LogSlate: InvalidateAllWidgets triggered.  All widgets were invalidated
[2020.11.10-07.57.14:325][568]MapCheck: New page: Map Check
[2020.11.10-07.57.14:326][568]LightingResults: New page: Lighting Build
[2020.11.10-07.57.14:459][568]LogAISub: UAISubsystem::~UAISubsystem AIPerceptionSystem (000001DB0FEDD440), frame # 13568
[2020.11.10-07.57.14:459][568]LogAISub: UAISubsystem::~UAISubsystem EnvQueryManager (000001DB626D7600), frame # 13568
[2020.11.10-07.57.14:479][568]LogUObjectHash: Compacting FUObjectHashTables data took   8.04ms
[2020.11.10-07.57.14:594][568]LogAIModule: Creating AISystem for world Retry3for2Djump
[2020.11.10-07.57.14:594][568]LogAISub: UAISubsystem::UAISubsystem EnvQueryManager (000001DB14903C00), frame # 13568
[2020.11.10-07.57.14:595][568]LogAISub: UAISubsystem::UAISubsystem AIPerceptionSystem (000001DB1F1D6D40), frame # 13568
[2020.11.10-07.57.14:639][568]LogEditorServer: Finished looking for orphan Actors (0.000 secs)
[2020.11.10-07.57.14:749][568]LogUObjectHash: Compacting FUObjectHashTables data took   6.86ms
[2020.11.10-07.57.14:919][568]Cmd: MAP CHECKDEP NOCLEARLOG
[2020.11.10-07.57.14:921][568]MapCheck: Map check complete: 0 Error(s), 0 Warning(s), took 1.122ms to complete.
[2020.11.10-07.57.14:921][568]LogFileHelpers: Loading map 'Retry3for2Djump' took 0.664
[2020.11.10-07.57.15:026][568]AssetCheck: New page: Asset Save: Retry3for2Djump
[2020.11.10-07.57.15:026][568]LogContentValidation: Display: Validating World /Game/Retry3for2Djump.Retry3for2Djump
[2020.11.10-07.57.30:839][ 20]Cmd: OBJ SAVEPACKAGE PACKAGE="/Game/Retry3for2Djump" FILE="../../../../../project22D/Content/Retry3for2Djump.umap" SILENT=true AUTOSAVING=false KEEPDIRTY=false
[2020.11.10-07.57.31:027][ 20]LogUObjectHash: Compacting FUObjectHashTables data took   6.77ms
[2020.11.10-07.57.37:341][ 20]LogSavePackage: Moving '../../../../../project22D/Saved/Retry3for2Djump47E1119C49839AFF06BFB0BDEFED8518.tmp' to '../../../../../project22D/Content/Retry3for2Djump.umap'
[2020.11.10-07.57.37:665][ 20]AssetCheck: New page: Asset Save: Retry3for2Djump
[2020.11.10-07.57.37:665][ 20]LogContentValidation: Display: Validating World /Game/Retry3for2Djump.Retry3for2Djump
[2020.11.10-07.57.43:577][157]LogUObjectHash: Compacting FUObjectHashTables data took   8.51ms
[2020.11.10-07.57.47:202][246]Cmd: OBJ SAVEPACKAGE PACKAGE="/Game/2DSideScrollerBP/Blueprints/Blueprint2D" FILE="../../../../../project22D/Content/2DSideScrollerBP/Blueprints/Blueprint2D.uasset" SILENT=true
[2020.11.10-07.57.52:994][246]LogSavePackage: Moving '../../../../../project22D/Saved/Blueprint2DA3D3566946FDDFD134073E8CDE77879C.tmp' to '../../../../../project22D/Content/2DSideScrollerBP/Blueprints/Blueprint2D.uasset'
[2020.11.10-07.57.53:092][246]AssetCheck: New page: Asset Save: Blueprint2D
[2020.11.10-07.57.53:092][246]LogContentValidation: Display: Validating Blueprint /Game/2DSideScrollerBP/Blueprints/Blueprint2D.Blueprint2D
[2020.11.10-07.58.07:980][292]LogAudioMixer: Display: Audio Buffer Underrun detected.
[2020.11.10-07.58.20:349][599]LogUObjectHash: Compacting FUObjectHashTables data took   7.25ms
[2020.11.10-07.58.27:258][762]LogUObjectHash: Compacting FUObjectHashTables data took  11.62ms
[2020.11.10-07.58.56:579][164]LogSlate: Window 'FBX Export Options' being destroyed
[2020.11.10-07.58.56:759][164]LogFbx: Warning: FBX version number for this version of the FBX SDK is 7.5.0


[2020.11.10-07.59.06:991][398]BlueprintLog: New page: Compile Blueprint2D
[2020.11.10-07.59.07:297][398]LogUObjectHash: Compacting FUObjectHashTables data took   7.43ms
[2020.11.10-07.59.12:590][508]LogRenderer: Reallocating scene render targets to support 676x348 Format 10 NumSamples 1 (Frame:1).
[2020.11.10-07.59.28:238][793]AssetReimport: New page: Detailed File System Changes from 2:59:28 AM
[2020.11.10-07.59.28:324][793]AssetReimport: 'D:/project22D/Content/Retry3for2Djump.fbx' has been created.
[2020.11.10-07.59.28:450][793]LogSlate: Took 0.041659 seconds to synchronously load lazily loaded font '../../../Engine/Content/Slate/Fonts/DroidSansMono.ttf' (77K)
[2020.11.10-07.59.33:784][899]LogSlate: Window 'Message Log' being destroyed
[2020.11.10-07.59.33:840][899]LogSlate: Window 'Message Log' being destroyed
[2020.11.10-07.59.35:418][930]AssetReimport: New page: Outstanding source content changes 9:59:35 PM
[2020.11.10-07.59.38:807][984]AssetReimport: Error: Failed to reimport asset Retry3for2Djump.
[2020.11.10-08.00.32:107][221]LogSlate: Window 'FBX Export Options' being destroyed
[2020.11.10-08.00.32:170][221]LogFbx: Warning: FBX version number for this version of the FBX SDK is 7.5.0


[2020.11.10-08.00.54:179][323]LogAudioMixer: Display: Audio Buffer Underrun detected.
[2020.11.10-08.05.50:537][197]LogAudioMixer: Display: Audio Buffer Underrun detected.
[2020.11.10-08.07.53:634][560]LogAudioMixer: Display: Audio Buffer Underrun detected.
[2020.11.10-08.07.54:874][562]LogAudioMixer: Display: Audio Buffer Underrun detected.
[2020.11.10-08.08.05:249][591]LogAudioMixer: Display: Audio Buffer Underrun detected.
[2020.11.10-08.08.15:165][620]LogAudioMixer: Display: Audio Buffer Underrun detected.
[2020.11.10-08.08.16:716][621]LogAudioMixer: Display: Audio Buffer Underrun detected.
[2020.11.10-08.08.16:716][621]LogAudioMixer: Display: Audio Buffer Underrun detected.
[2020.11.10-08.09.01:780][754]LogAudioMixer: Display: Audio Buffer Underrun detected.
[2020.11.10-08.09.11:561][783]LogAudioMixer: Display: Audio Buffer Underrun detected.
[2020.11.10-08.09.12:816][785]LogAudioMixer: Display: Audio Buffer Underrun detected.
[2020.11.10-08.09.24:472][818]LogAudioMixer: Display: Audio Buffer Underrun detected.
[2020.11.10-08.09.54:058][906]LogAudioMixer: Display: Audio Buffer Underrun detected.
[2020.11.10-08.09.55:415][908]LogAudioMixer: Display: Audio Buffer Underrun detected.
[2020.11.10-08.10.32:479][ 17]LogAudioMixer: Display: Audio Buffer Underrun detected.
[2020.11.10-08.13.14:252][486]LogAudioMixer: Display: Audio Buffer Underrun detected.
[2020.11.10-08.13.14:530][487]LogAudioMixer: Display: Audio Buffer Underrun detected.
